[    0.000000] Initializing cgroup subsys cpuset
[    0.000000] Initializing cgroup subsys cpu
[    0.000000] Initializing cgroup subsys cpuacct
[    0.000000] Linux version 4.4.0-210-generic (buildd@lgw01-amd64-009) (gcc version 5.4.0 20160609 (Ubuntu 5.4.0-6ubuntu1~16.04.12) ) #242-Ubuntu SMP Fri Apr 16 09:57:56 UTC 2021 (Ubuntu 4.4.0-210.242-generic 4.4.262)
[    0.000000] Command line: BOOT_IMAGE=/boot/vmlinuz-4.4.0-210-generic root=LABEL=cloudimg-rootfs ro console=tty1 console=ttyS0
[    0.000000] KERNEL supported cpus:
[    0.000000]   Intel GenuineIntel
[    0.000000]   AMD AuthenticAMD
[    0.000000]   Centaur CentaurHauls
[    0.000000] x86/fpu: Legacy x87 FPU detected.
[    0.000000] e820: BIOS-provided physical RAM map:
[    0.000000] BIOS-e820: [mem 0x0000000000000000-0x000000000009fbff] usable
[    0.000000] BIOS-e820: [mem 0x000000000009fc00-0x000000000009ffff] reserved
[    0.000000] BIOS-e820: [mem 0x00000000000f0000-0x00000000000fffff] reserved
[    0.000000] BIOS-e820: [mem 0x0000000000100000-0x000000003ffeffff] usable
[    0.000000] BIOS-e820: [mem 0x000000003fff0000-0x000000003fffffff] ACPI data
[    0.000000] BIOS-e820: [mem 0x00000000fec00000-0x00000000fec00fff] reserved
[    0.000000] BIOS-e820: [mem 0x00000000fee00000-0x00000000fee00fff] reserved
[    0.000000] BIOS-e820: [mem 0x00000000fffc0000-0x00000000ffffffff] reserved
[    0.000000] NX (Execute Disable) protection: active
[    0.000000] SMBIOS 2.5 present.
[    0.000000] Hypervisor detected: KVM
[    0.000000] Kernel/User page tables isolation: disabled
[    0.000000] e820: last_pfn = 0x3fff0 max_arch_pfn = 0x400000000
[    0.000000] MTRR: Disabled
[    0.000000] x86/PAT: MTRRs disabled, skipping PAT initialization too.
[    0.000000] CPU MTRRs all blank - virtualized system.
[    0.000000] x86/PAT: Configuration [0-7]: WB  WT  UC- UC  WB  WT  UC- UC  
[    0.000000] found SMP MP-table at [mem 0x0009fff0-0x0009ffff] mapped at [ffff88000009fff0]
[    0.000000] Scanning 1 areas for low memory corruption
[    0.000000] RAMDISK: [mem 0x362dc000-0x37165fff]
[    0.000000] ACPI: Early table checksum verification disabled
[    0.000000] ACPI: RSDP 0x00000000000E0000 000024 (v02 VBOX  )
[    0.000000] ACPI: XSDT 0x000000003FFF0030 00003C (v01 VBOX   VBOXXSDT 00000001 ASL  00000061)
[    0.000000] ACPI: FACP 0x000000003FFF00F0 0000F4 (v04 VBOX   VBOXFACP 00000001 ASL  00000061)
[    0.000000] ACPI: DSDT 0x000000003FFF0470 002325 (v02 VBOX   VBOXBIOS 00000002 INTL 20100528)
[    0.000000] ACPI: FACS 0x000000003FFF0200 000040
[    0.000000] ACPI: FACS 0x000000003FFF0200 000040
[    0.000000] ACPI: APIC 0x000000003FFF0240 00005C (v02 VBOX   VBOXAPIC 00000001 ASL  00000061)
[    0.000000] ACPI: SSDT 0x000000003FFF02A0 0001CC (v01 VBOX   VBOXCPUT 00000002 INTL 20100528)
[    0.000000] No NUMA configuration found
[    0.000000] Faking a node at [mem 0x0000000000000000-0x000000003ffeffff]
[    0.000000] NODE_DATA(0) allocated [mem 0x3ffeb000-0x3ffeffff]
[    0.000000] kvm-clock: Using msrs 4b564d01 and 4b564d00
[    0.000000] kvm-clock: cpu 0, msr 0:3ffe3001, primary cpu clock
[    0.000000] kvm-clock: using sched offset of 3441119802 cycles
[    0.000000] clocksource: kvm-clock: mask: 0xffffffffffffffff max_cycles: 0x1cd42e4dffb, max_idle_ns: 881590591483 ns
[    0.000000] Zone ranges:
[    0.000000]   DMA      [mem 0x0000000000001000-0x0000000000ffffff]
[    0.000000]   DMA32    [mem 0x0000000001000000-0x000000003ffeffff]
[    0.000000]   Normal   empty
[    0.000000]   Device   empty
[    0.000000] Movable zone start for each node
[    0.000000] Early memory node ranges
[    0.000000]   node   0: [mem 0x0000000000001000-0x000000000009efff]
[    0.000000]   node   0: [mem 0x0000000000100000-0x000000003ffeffff]
[    0.000000] Initmem setup node 0 [mem 0x0000000000001000-0x000000003ffeffff]
[    0.000000] ACPI: PM-Timer IO Port: 0x4008
[    0.000000] IOAPIC[0]: apic_id 2, version 32, address 0xfec00000, GSI 0-23
[    0.000000] ACPI: INT_SRC_OVR (bus 0 bus_irq 0 global_irq 2 dfl dfl)
[    0.000000] ACPI: INT_SRC_OVR (bus 0 bus_irq 9 global_irq 9 low level)
[    0.000000] Using ACPI (MADT) for SMP configuration information
[    0.000000] smpboot: Allowing 2 CPUs, 0 hotplug CPUs
[    0.000000] PM: Registered nosave memory: [mem 0x00000000-0x00000fff]
[    0.000000] PM: Registered nosave memory: [mem 0x0009f000-0x0009ffff]
[    0.000000] PM: Registered nosave memory: [mem 0x000a0000-0x000effff]
[    0.000000] PM: Registered nosave memory: [mem 0x000f0000-0x000fffff]
[    0.000000] e820: [mem 0x40000000-0xfebfffff] available for PCI devices
[    0.000000] Booting paravirtualized kernel on KVM
[    0.000000] clocksource: refined-jiffies: mask: 0xffffffff max_cycles: 0xffffffff, max_idle_ns: 7645519600211568 ns
[    0.000000] setup_percpu: NR_CPUS:512 nr_cpumask_bits:512 nr_cpu_ids:2 nr_node_ids:1
[    0.000000] PERCPU: Embedded 33 pages/cpu @ffff88003fc00000 s95192 r8192 d31784 u1048576
[    0.000000] Built 1 zonelists in Node order, mobility grouping on.  Total pages: 257912
[    0.000000] Policy zone: DMA32
[    0.000000] Kernel command line: BOOT_IMAGE=/boot/vmlinuz-4.4.0-210-generic root=LABEL=cloudimg-rootfs ro console=tty1 console=ttyS0
[    0.000000] PID hash table entries: 4096 (order: 3, 32768 bytes)
[    0.000000] Memory: 997792K/1048120K available (8644K kernel code, 1332K rwdata, 4044K rodata, 1492K init, 1164K bss, 50328K reserved, 0K cma-reserved)
[    0.000000] SLUB: HWalign=64, Order=0-3, MinObjects=0, CPUs=2, Nodes=1
[    0.000000] Hierarchical RCU implementation.
[    0.000000] 	Build-time adjustment of leaf fanout to 64.
[    0.000000] 	RCU restricting CPUs from NR_CPUS=512 to nr_cpu_ids=2.
[    0.000000] RCU: Adjusting geometry for rcu_fanout_leaf=64, nr_cpu_ids=2
[    0.000000] NR_IRQS:33024 nr_irqs:440 16
[    0.000000] Console: colour VGA+ 80x25
[    0.000000] console [tty1] enabled
[    0.000000] console [ttyS0] enabled
[    0.000000] tsc: Detected 3187.200 MHz processor
[    0.408322] Calibrating delay loop (skipped) preset value.. 6374.40 BogoMIPS (lpj=12748800)
[    0.415936] pid_max: default: 32768 minimum: 301
[    0.419428] ACPI: Core revision 20150930
[    0.422856] ACPI: 2 ACPI AML tables successfully acquired and loaded
[    0.428277] Security Framework initialized
[    0.431365] Yama: becoming mindful.
[    0.433977] AppArmor: AppArmor initialized
[    0.436712] Dentry cache hash table entries: 131072 (order: 8, 1048576 bytes)
[    0.445662] Inode-cache hash table entries: 65536 (order: 7, 524288 bytes)
[    0.451584] Mount-cache hash table entries: 2048 (order: 2, 16384 bytes)
[    0.456243] Mountpoint-cache hash table entries: 2048 (order: 2, 16384 bytes)
[    0.463187] Initializing cgroup subsys io
[    0.465977] Initializing cgroup subsys memory
[    0.470052] Initializing cgroup subsys devices
[    0.473101] Initializing cgroup subsys freezer
[    0.477830] Initializing cgroup subsys net_cls
[    0.481470] Initializing cgroup subsys perf_event
[    0.485421] Initializing cgroup subsys net_prio
[    0.488465] Initializing cgroup subsys hugetlb
[    0.492425] Initializing cgroup subsys pids
[    0.496267] mce: CPU supports 0 MCE banks
[    0.499441] Last level iTLB entries: 4KB 0, 2MB 0, 4MB 0
[    0.503630] Last level dTLB entries: 4KB 0, 2MB 0, 4MB 0, 1GB 0
[    0.508067] Spectre V1 : Mitigation: usercopy/swapgs barriers and __user pointer sanitization
[    0.514476] Spectre V2 : Mitigation: Enhanced IBRS
[    0.517548] Spectre V2 : Spectre v2 / SpectreRSB mitigation: Filling RSB on context switch
[    0.524331] Speculative Store Bypass: Vulnerable
[    0.552715] Freeing SMP alternatives memory: 36K
[    0.615818] ftrace: allocating 32380 entries in 127 pages
[    0.996250] smpboot: APIC(0) Converting physical 0 to logical package 0
[    1.002988] smpboot: Max logical packages: 1
[    1.015356] ..TIMER: vector=0x30 apic1=0 pin1=2 apic2=-1 pin2=-1
[    1.127583] smpboot: CPU0: 11th Gen Intel(R) Core(TM) i5-11320H @ 3.20GHz (family: 0x6, model: 0x8c, stepping: 0x2)
[    1.135177] Performance Events: unsupported p6 CPU model 140 no PMU driver, software events only.
[    1.199891] KVM setup paravirtual spinlock
[    1.204469] x86: Booting SMP configuration:
[    1.207895] .... node  #0, CPUs:      #1
[    1.211312] kvm-clock: cpu 1, msr 0:3ffe3041, secondary cpu clock
[    1.214701] mce: CPU supports 0 MCE banks
[    1.218035] TSC synchronization [CPU#0 -> CPU#1]:
[    1.220993] Measured 96834 cycles TSC warp between CPUs, turning off TSC clock.
[    1.225584] tsc: Marking TSC unstable due to check_tsc_sync_source failed
[    0.409946] x86: Booted up 1 node, 2 CPUs
[    0.412003] smpboot: Total of 2 processors activated (12748.80 BogoMIPS)
[    0.417387] devtmpfs: initialized
[    0.420985] evm: security.selinux
[    0.423050] evm: security.SMACK64
[    0.424004] evm: security.SMACK64EXEC
[    0.426244] evm: security.SMACK64TRANSMUTE
[    0.428002] evm: security.SMACK64MMAP
[    0.432003] evm: security.ima
[    0.433826] evm: security.capability
[    0.436192] clocksource: jiffies: mask: 0xffffffff max_cycles: 0xffffffff, max_idle_ns: 7645041785100000 ns
[    0.448094] futex hash table entries: 512 (order: 3, 32768 bytes)
[    0.456228] pinctrl core: initialized pinctrl subsystem
[    0.460301] RTC time: 11:10:57, date: 03/12/23
[    0.464786] NET: Registered protocol family 16
[    0.480010] cpuidle: using governor ladder
[    0.492007] cpuidle: using governor menu
[    0.494712] PCCT header not found.
[    0.496160] ACPI: bus type PCI registered
[    0.500003] acpiphp: ACPI Hot Plug PCI Controller Driver version: 0.5
[    0.504381] PCI: Using configuration type 1 for base access
[    0.516179] ACPI: Added _OSI(Module Device)
[    0.520004] ACPI: Added _OSI(Processor Device)
[    0.524002] ACPI: Added _OSI(3.0 _SCP Extensions)
[    0.528001] ACPI: Added _OSI(Processor Aggregator Device)
[    0.532940] ACPI: Executed 1 blocks of module-level executable AML code
[    0.543185] ACPI: Interpreter enabled
[    0.544009] ACPI: (supports S0 S5)
[    0.548002] ACPI: Using IOAPIC for interrupt routing
[    0.552236] PCI: Using host bridge windows from ACPI; if necessary, use "pci=nocrs" and report a bug
[    0.562903] ACPI: PCI Root Bridge [PCI0] (domain 0000 [bus 00-ff])
[    0.564009] acpi PNP0A03:00: _OSC: OS supports [ASPM ClockPM Segments MSI]
[    0.572117] acpi PNP0A03:00: _OSC: not requesting OS control; OS requires [ExtendedConfig ASPM ClockPM MSI]
[    0.576011] acpi PNP0A03:00: fail to add MMCONFIG information, can't access extended PCI configuration space under this bridge.
[    0.584539] PCI host bridge to bus 0000:00
[    0.588003] pci_bus 0000:00: root bus resource [io  0x0000-0x0cf7 window]
[    0.592002] pci_bus 0000:00: root bus resource [io  0x0d00-0xffff window]
[    0.596003] pci_bus 0000:00: root bus resource [mem 0x000a0000-0x000bffff window]
[    0.600003] pci_bus 0000:00: root bus resource [mem 0x40000000-0xfdffffff window]
[    0.608004] pci_bus 0000:00: root bus resource [bus 00-ff]
[    0.616002] pci 0000:00:01.1: legacy IDE quirk: reg 0x10: [io  0x01f0-0x01f7]
[    0.620003] pci 0000:00:01.1: legacy IDE quirk: reg 0x14: [io  0x03f6]
[    0.624004] pci 0000:00:01.1: legacy IDE quirk: reg 0x18: [io  0x0170-0x0177]
[    0.628003] pci 0000:00:01.1: legacy IDE quirk: reg 0x1c: [io  0x0376]
[    0.647110] pci 0000:00:07.0: quirk: [io  0x4000-0x403f] claimed by PIIX4 ACPI
[    0.652029] pci 0000:00:07.0: quirk: [io  0x4100-0x410f] claimed by PIIX4 SMB
[    0.665423] ACPI: PCI Interrupt Link [LNKA] (IRQs 5 9 10 *11)
[    0.672319] ACPI: PCI Interrupt Link [LNKB] (IRQs 5 9 *10 11)
[    0.692150] ACPI: PCI Interrupt Link [LNKC] (IRQs 5 *9 10 11)
[    0.700011] ACPI: PCI Interrupt Link [LNKD] (IRQs 5 9 10 *11)
[    0.706664] ACPI: Enabled 2 GPEs in block 00 to 07
[    0.708196] vgaarb: setting as boot device: PCI:0000:00:02.0
[    0.712000] vgaarb: device added: PCI:0000:00:02.0,decodes=io+mem,owns=io+mem,locks=none
[    0.720006] vgaarb: loaded
[    0.721991] vgaarb: bridge control possible 0000:00:02.0
[    0.724364] SCSI subsystem initialized
[    0.728112] ACPI: bus type USB registered
[    0.732017] usbcore: registered new interface driver usbfs
[    0.736011] usbcore: registered new interface driver hub
[    0.740035] usbcore: registered new device driver usb
[    0.744194] PCI: Using ACPI for IRQ routing
[    0.748669] NetLabel: Initializing
[    0.751036] NetLabel:  domain hash size = 128
[    0.752002] NetLabel:  protocols = UNLABELED CIPSOv4
[    0.756070] NetLabel:  unlabeled traffic allowed by default
[    0.760086] amd_nb: Cannot enumerate AMD northbridges
[    0.764214] clocksource: Switched to clocksource kvm-clock
[    0.781268] AppArmor: AppArmor Filesystem Enabled
[    0.790937] pnp: PnP ACPI init
[    0.794484] pnp: PnP ACPI: found 3 devices
[    0.804956] clocksource: acpi_pm: mask: 0xffffff max_cycles: 0xffffff, max_idle_ns: 2085701024 ns
[    0.810885] NET: Registered protocol family 2
[    0.814707] TCP established hash table entries: 8192 (order: 4, 65536 bytes)
[    0.818097] TCP bind hash table entries: 8192 (order: 5, 131072 bytes)
[    0.818097] TCP: Hash tables configured (established 8192 bind 8192)
[    0.818097] UDP hash table entries: 512 (order: 2, 16384 bytes)
[    0.818097] UDP-Lite hash table entries: 512 (order: 2, 16384 bytes)
[    0.818097] NET: Registered protocol family 1
[    0.818097] pci 0000:00:00.0: Limiting direct PCI/PCI transfers
[    0.818097] pci 0000:00:01.0: Activating ISA DMA hang workarounds
[    0.818097] Unpacking initramfs...
[    1.078866] Freeing initrd memory: 14888K
[    1.111599] clocksource: tsc: mask: 0xffffffffffffffff max_cycles: 0x2df10e7656b, max_idle_ns: 440795364873 ns
[    1.118392] platform rtc_cmos: registered platform RTC device (no PNP device found)
[    1.123405] Scanning for low memory corruption every 60 seconds
[    1.128878] audit: initializing netlink subsys (disabled)
[    1.132193] audit: type=2000 audit(1678619462.856:1): initialized
[    1.136806] Initialise system trusted keyring
[    1.140583] HugeTLB registered 2 MB page size, pre-allocated 0 pages
[    1.145794] zbud: loaded
[    1.148295] VFS: Disk quotas dquot_6.6.0
[    1.150741] VFS: Dquot-cache hash table entries: 512 (order 0, 4096 bytes)
[    1.155241] squashfs: version 4.0 (2009/01/31) Phillip Lougher
[    1.160501] fuse init (API version 7.23)
[    1.163731] Key type big_key registered
[    1.166377] Allocating IMA MOK and blacklist keyrings.
[    1.178228] Key type asymmetric registered
[    1.180848] Asymmetric key parser 'x509' registered
[    1.183894] Block layer SCSI generic (bsg) driver version 0.4 loaded (major 249)
[    1.188863] io scheduler noop registered
[    1.191630] io scheduler deadline registered (default)
[    1.195207] io scheduler cfq registered
[    1.197910] pci_hotplug: PCI Hot Plug PCI Core version: 0.5
[    1.201318] pciehp: PCI Express Hot Plug Controller Driver version: 0.4
[    1.205459] ACPI: AC Adapter [AC] (on-line)
[    1.208074] input: Power Button as /devices/LNXSYSTM:00/LNXPWRBN:00/input/input0
[    1.213098] ACPI: Power Button [PWRF]
[    1.215494] input: Sleep Button as /devices/LNXSYSTM:00/LNXSLPBN:00/input/input1
[    1.220177] ACPI: Sleep Button [SLPF]
[    1.223200] GHES: HEST is not enabled!
[    1.224363] ACPI: Battery Slot [BAT0] (battery present)
[    1.229362] Serial: 8250/16550 driver, 32 ports, IRQ sharing enabled
[    1.257415] 00:02: ttyS0 at I/O 0x3f8 (irq = 4, base_baud = 115200) is a 16550A
[    1.274714] Linux agpgart interface v0.103
[    1.286051] loop: module loaded
[    1.290211] scsi host0: ata_piix
[    1.293283] scsi host1: ata_piix
[    1.295390] ata1: PATA max UDMA/33 cmd 0x1f0 ctl 0x3f6 bmdma 0xd000 irq 14
[    1.299516] ata2: PATA max UDMA/33 cmd 0x170 ctl 0x376 bmdma 0xd008 irq 15
[    1.303771] libphy: Fixed MDIO Bus: probed
[    1.307202] tun: Universal TUN/TAP device driver, 1.6
[    1.310389] tun: (C) 1999-2004 Max Krasnyansky <maxk@qualcomm.com>
[    1.314796] PPP generic driver version 2.4.2
[    1.317906] ehci_hcd: USB 2.0 'Enhanced' Host Controller (EHCI) Driver
[    1.321843] ehci-pci: EHCI PCI platform driver
[    1.324713] ehci-platform: EHCI generic platform driver
[    1.327854] ohci_hcd: USB 1.1 'Open' Host Controller (OHCI) Driver
[    1.331738] ohci-pci: OHCI PCI platform driver
[    1.334606] ohci-platform: OHCI generic platform driver
[    1.337906] uhci_hcd: USB Universal Host Controller Interface driver
[    1.341830] i8042: PNP: PS/2 Controller [PNP0303:PS2K,PNP0f03:PS2M] at 0x60,0x64 irq 1,12
[    1.349320] serio: i8042 KBD port at 0x60,0x64 irq 1
[    1.352409] serio: i8042 AUX port at 0x60,0x64 irq 12
[    1.356572] mousedev: PS/2 mouse device common for all mice
[    1.362746] rtc_cmos rtc_cmos: rtc core: registered rtc_cmos as rtc0
[    1.366919] input: AT Translated Set 2 keyboard as /devices/platform/i8042/serio0/input/input2
[    1.372536] rtc_cmos rtc_cmos: alarms up to one day, 114 bytes nvram
[    1.376508] i2c /dev entries driver
[    1.378742] device-mapper: uevent: version 1.0.3
[    1.382269] device-mapper: ioctl: 4.34.0-ioctl (2015-10-28) initialised: dm-devel@redhat.com
[    1.387349] ledtrig-cpu: registered to indicate activity on CPUs
[    1.392769] NET: Registered protocol family 10
[    1.396450] NET: Registered protocol family 17
[    1.399135] Key type dns_resolver registered
[    1.403348] registered taskstats version 1
[    1.405994] Loading compiled-in X.509 certificates
[    1.409403] Loaded X.509 cert 'Build time autogenerated kernel key: cf00e047681d67edb2720680708b7d9498083038'
[    1.415348] zswap: loaded using pool lzo/zbud
[    1.421766] Key type trusted registered
[    1.430689] Key type encrypted registered
[    1.433995] AppArmor: AppArmor sha1 policy hashing enabled
[    1.437591] ima: No TPM chip found, activating TPM-bypass!
[    1.441055] ima: Allocated hash algorithm: sha1
[    1.443805] evm: HMAC attrs: 0x1
[    1.447061]   Magic number: 15:663:175
[    1.449525] misc network_throughput: hash matches
[    1.453229] rtc_cmos rtc_cmos: setting system clock to 2023-03-12 11:10:58 UTC (1678619458)
[    1.459253] BIOS EDD facility v0.16 2004-Jun-25, 0 devices found
[    1.463043] EDD information not available.
[    1.510152] Freeing unused kernel memory: 1492K
[    1.524231] Write protecting the kernel read-only data: 14336k
[    1.529152] Freeing unused kernel memory: 1584K
[    1.532698] Freeing unused kernel memory: 52K
Loading, please wait...
starting version 229
[    1.555970] random: systemd-udevd: uninitialized urandom read (16 bytes read, 5 bits of entropy available)
[    1.556177] random: udevadm: uninitialized urandom read (16 bytes read, 5 bits of entropy available)
[    1.556189] random: udevadm: uninitialized urandom read (16 bytes read, 5 bits of entropy available)
[    1.563046] random: udevadm: uninitialized urandom read (16 bytes read, 5 bits of entropy available)
[    1.563074] random: udevadm: uninitialized urandom read (16 bytes read, 5 bits of entropy available)
[    1.563302] random: udevadm: uninitialized urandom read (16 bytes read, 5 bits of entropy available)
[    1.563339] random: udevadm: uninitialized urandom read (16 bytes read, 5 bits of entropy available)
[    1.563368] random: udevadm: uninitialized urandom read (16 bytes read, 5 bits of entropy available)
[    1.563439] random: udevadm: uninitialized urandom read (16 bytes read, 5 bits of entropy available)
[    1.563489] random: udevadm: uninitialized urandom read (16 bytes read, 5 bits of entropy available)
[    1.642353] e1000: Intel(R) PRO/1000 Network Driver - version 7.3.21-k8-NAPI
[    1.647771] e1000: Copyright (c) 1999-2006 Intel Corporation.
[    1.656566] Fusion MPT base driver 3.04.20
[    1.660007] Copyright (c) 1999-2008 LSI Corporation
[    1.718196] Fusion MPT SPI Host driver 3.04.20
[    1.927187] input: ImExPS/2 Generic Explorer Mouse as /devices/platform/i8042/serio1/input/input4
[    2.253316] e1000 0000:00:03.0 eth0: (PCI:33MHz:32-bit) 02:be:82:6b:cc:1d
[    2.258291] e1000 0000:00:03.0 eth0: Intel(R) PRO/1000 Network Connection
[    2.809028] e1000 0000:00:08.0 eth1: (PCI:33MHz:32-bit) 08:00:27:d7:dd:f4
[    2.815108] e1000 0000:00:08.0 eth1: Intel(R) PRO/1000 Network Connection
[    2.820915] e1000 0000:00:03.0 enp0s3: renamed from eth0
[    2.826013] mptbase: ioc0: Initiating bringup
[    2.840502] e1000 0000:00:08.0 enp0s8: renamed from eth1
[    2.902093] ioc0: LSI53C1030 A0: Capabilities={Initiator}
[    3.077920] scsi host2: ioc0: LSI53C1030 A0, FwRev=00000000h, Ports=1, MaxQ=256, IRQ=20
[    3.193815] scsi 2:0:0:0: Direct-Access     VBOX     HARDDISK         1.0  PQ: 0 ANSI: 5
[    3.199163] scsi target2:0:0: Beginning Domain Validation
[    3.206438] scsi target2:0:0: Domain Validation skipping write tests
[    3.210710] scsi target2:0:0: Ending Domain Validation
[    3.214542] scsi target2:0:0: asynchronous
[    3.218598] scsi 2:0:1:0: Direct-Access     VBOX     HARDDISK         1.0  PQ: 0 ANSI: 5
[    3.223814] scsi target2:0:1: Beginning Domain Validation
[    3.230520] scsi target2:0:1: Domain Validation skipping write tests
[    3.234416] scsi target2:0:1: Ending Domain Validation
[    3.237917] scsi target2:0:1: asynchronous
[    3.256930] sd 2:0:0:0: [sda] 83886080 512-byte logical blocks: (42.9 GB/40.0 GiB)
[    3.261876] sd 2:0:0:0: Attached scsi generic sg0 type 0
[    3.268991] sd 2:0:1:0: [sdb] 20480 512-byte logical blocks: (10.5 MB/10.0 MiB)
[    3.273565] sd 2:0:0:0: [sda] Write Protect is off
[    3.273805] sd 2:0:1:0: Attached scsi generic sg1 type 0
[    3.281338] sd 2:0:0:0: [sda] Incomplete mode parameter data
[    3.281370] sd 2:0:1:0: [sdb] Write Protect is off
[    3.290090] sd 2:0:0:0: [sda] Assuming drive cache: write through
[    3.290123] sd 2:0:1:0: [sdb] Incomplete mode parameter data
[    3.290124] sd 2:0:1:0: [sdb] Assuming drive cache: write through
[    3.306561]  sda: sda1
[    3.311072] sd 2:0:0:0: [sda] Attached SCSI disk
[    3.311076] sd 2:0:1:0: [sdb] Attached SCSI disk
Begin: Loading essential drivers ... [    4.786789] md: linear personality registered for level -1
[    4.793161] md: multipath personality registered for level -4
[    4.799271] md: raid0 personality registered for level 0
[    4.811643] md: raid1 personality registered for level 1
[    4.884190] raid6: sse2x1   gen() 16216 MB/s
[    4.952379] raid6: sse2x1   xor() 10613 MB/s
[    5.024057] raid6: sse2x2   gen() 21146 MB/s
[    5.092362] raid6: sse2x2   xor() 14494 MB/s
[    5.160018] raid6: sse2x4   gen() 22454 MB/s
[    5.228299] raid6: sse2x4   xor() 14005 MB/s
[    5.232230] raid6: using algorithm sse2x4 gen() 22454 MB/s
[    5.235522] raid6: .... xor() 14005 MB/s, rmw enabled
[    5.238920] raid6: using ssse3x2 recovery algorithm
[    5.244327] xor: measuring software checksum speed
[    5.284317]    prefetch64-sse: 24577.000 MB/sec
[    5.324182]    generic_sse: 21276.000 MB/sec
[    5.326865] xor: using function: prefetch64-sse (24577.000 MB/sec)
[    5.332636] async_tx: api initialized (async)
[    5.366101] md: raid6 personality registered for level 6
[    5.369627] md: raid5 personality registered for level 5
[    5.372926] md: raid4 personality registered for level 4
[    5.389202] md: raid10 personality registered for level 10
done.
Begin: Running /scripts/init-premount ... done.
Begin: Mounting root file system ... Begin: Running /scripts/local-top ... done.
Begin: Running /scripts/local-premount ... [    5.444782] Btrfs loaded
Scanning for Btrfs filesystems
done.
Warning: fsck not present, so skipping root file system
[    5.485886] EXT4-fs (sda1): mounted filesystem with ordered data mode. Opts: (null)
done.
Begin: Running /scripts/local-bottom ... done.
Begin: Running /scripts/init-bottom ... done.
[    5.604917] systemd[1]: systemd 229 running in system mode. (+PAM +AUDIT +SELINUX +IMA +APPARMOR +SMACK +SYSVINIT +UTMP +LIBCRYPTSETUP +GCRYPT +GNUTLS +ACL +XZ -LZ4 +SECCOMP +BLKID +ELFUTILS +KMOD -IDN)
[    5.615621] systemd[1]: Detected virtualization oracle.
[    5.619290] systemd[1]: Detected architecture x86-64.

Welcome to [1mUbuntu 16.04.7 LTS[0m!

[    5.629262] systemd[1]: Set hostname to <ubuntu>.
[    5.635636] systemd[1]: Initializing machine ID from random generator.
[    5.639970] systemd[1]: Installed transient /etc/machine-id file.
[    5.799754] systemd[1]: Reached target User and Group Name Lookups.
[[0;32m  OK  [0m] Reached target User and Group Name Lookups.
[    5.806732] systemd[1]: Listening on Device-mapper event daemon FIFOs.
[[0;32m  OK  [0m] Listening on Device-mapper event daemon FIFOs.
[    5.813326] systemd[1]: Listening on Syslog Socket.
[[0;32m  OK  [0m] Listening on Syslog Socket.
[    5.818917] systemd[1]: Listening on udev Control Socket.
[[0;32m  OK  [0m] Listening on udev Control Socket.
[    5.824932] systemd[1]: Started Forward Password Requests to Wall Directory Watch.
[[0;32m  OK  [0m] Started Forward Password Requests to Wall Directory Watch.
[    5.832634] systemd[1]: Reached target Encrypted Volumes.
[[0;32m  OK  [0m] Reached target Encrypted Volumes.
[    5.838436] systemd[1]: Created slice System Slice.
[[0;32m  OK  [0m] Created slice System Slice.
[    5.844021] systemd[1]: Listening on Journal Socket.
[[0;32m  OK  [0m] Listening on Journal Socket.
[    5.860751] systemd[1]: Starting Nameserver information manager...
         Starting Nameserver information manager...
[    5.868151] systemd[1]: Starting Uncomplicated firewall...
         Starting Uncomplicated firewall...
[    5.874937] systemd[1]: Mounting Huge Pages File System...
         Mounting Huge Pages File System...
[    5.880945] systemd[1]: Listening on LVM2 metadata daemon socket.
[[0;32m  OK  [0m] Listening on LVM2 metadata daemon socket.
[    5.887603] systemd[1]: Starting Monitoring of LVM2 mirrors, snapshots etc. using dmeventd or progress polling...
         Starting Monitoring of LVM2 mirrors... dmeventd or progress polling...
[    5.898767] systemd[1]: Mounting POSIX Message Queue File System...
         Mounting POSIX Message Queue File System...
[    5.906093] systemd[1]: Starting Create list of required static device nodes for the current kernel...
         Starting Create list of required st... nodes for the current kernel...
[    5.917458] systemd[1]: Starting Load Kernel Modules...
         Starting Load Kernel Modules...
[    5.923482] systemd[1]: Listening on Journal Socket (/dev/log).
[[0;32m  OK  [0m] Listening on Journal Socket (/dev/log).
[    5.929851] systemd[1]: Listening on Journal Audit Socket.
[    5.934872] Loading iSCSI transport class v2.0-870.
[[0;32m  OK  [0m] Listening on Journal Audit Socket.
[    5.940314] systemd[1]: Listening on LVM2 poll daemon socket.
[[0;32m  OK  [0m] Listening on LVM2 poll daemon socket.
[    5.950973] iscsi: registered transport (tcp)
[    5.960264] systemd[1]: Starting Journal Service...
         Starting Journal Service...
[    5.968485] systemd[1]: Started Trigger resolvconf update for networkd DNS.
[[0;32m  OK  [0m] Started Trigger resolvconf update for networkd DNS.
[    5.980746] systemd[1]: Starting Set console keymap...
         Starting Set console keymap...
[    6.008204] systemd[1]: Created slice User and Session Slice.
[[0;32m  OK  [0m] Created slice User and Session Slice.
[    6.022777] systemd[1]: Reached target Slices.
[[0;32m  OK  [0m] Reached target Slices.
[    6.033523] systemd[1]: Listening on fsck to fsckd communication Socket.
[[0;32m  OK  [0m] Listening on fsck to fsckd communication Socket.
[    6.060413] systemd[1]: Starting File System Check on Root Device...
         Starting File System Check on Root Device...
[    6.071997] systemd[1]: Created slice system-serial\x2dgetty.slice.
[[0;32m  OK  [0m] Created slice system-serial\x2dgetty.slice.
[    6.082765] systemd[1]: Reached target System Time Synchronized.
[[0;32m  OK  [0m] Reached target System Time Synchronized.[    6.093889] iscsi: registered transport (iser)

[    6.108584] systemd[1]: Mounting Debug File System...
         Mounting Debug File System...
[    6.120632] systemd[1]: Listening on udev Kernel Socket.
[[0;32m  OK  [0m] Listening on udev Kernel Socket.
[    6.128538] systemd[1]: Set up automount Arbitrary Executable File Formats File System Automount Point.
[[0;32m  OK  [0m] Set up automount Arbitrary Executab...ats File System Automount Point.
[    6.143518] systemd[1]: Reached target Swap.
[[0;32m  OK  [0m] Reached target Swap.
[    6.154472] systemd[1]: Listening on /dev/initctl Compatibility Named Pipe.
[[0;32m  OK  [0m] Listening on /dev/initctl Compatibility Named Pipe.
[    6.184594] systemd[1]: Mounted Huge Pages File System.
[[0;32m  OK  [0m] Mounted Huge Pages File System.
[    6.204241] systemd[1]: Mounted POSIX Message Queue File System.
[[0;32m  OK  [0m] Mounted POSIX Message Queue File System.
[    6.215161] systemd[1]: Mounted Debug File System.
[[0;32m  OK  [0m] Mounted Debug File System.
[    6.228653] systemd[1]: Started Journal Service.
[[0;32m  OK  [0m] Started Journal Service.
[[0;32m  OK  [0m] Started Uncomplicated firewall.
[[0;32m  OK  [0m] Started Create list of required sta...ce nodes for the current kernel.
[[0;32m  OK  [0m] Started Load Kernel Modules.
[[0;32m  OK  [0m] Started Set console keymap.
[[0;32m  OK  [0m] Started File System Check on Root Device.
[[0;32m  OK  [0m] Started Nameserver information manager.
[[0;32m  OK  [0m] Started File System Check Daemon to report status.
[[0;32m  OK  [0m] Started LVM2 metadata daemon.
         Starting Remount Root and Kernel File Systems...

    6.324752] EXT4-fs (sda1): re-mounted. Opts: (null)
         Starting Apply Kernel Variables...
         Mounting FUSE Control File System...
         Starting Create Static Device Nodes in /dev...
[[0;32m  OK  [0m] Mounted FUSE Control File System.
[[0;32m  OK  [0m] Started Remount Root and Kernel File Systems.
[[0;32m  OK  [0m] Started Apply Kernel Variables.
[[0;32m  OK  [0m] Started Create Static Device Nodes in /dev.
         Starting udev Kernel Device Manager...
         Starting Load/Save Random Seed...
         Starting Flush Journal to Persistent Storage...
         Starting udev Coldplug all Devices...
[[0;32m  OK  [0m] Started Load/Save Random Seed.
[[0;32m  OK  [0m] Started Flush Journal to Persistent Storage.
[[0;32m  OK  [0m] Started udev Kernel Device Manager.
[[0;32m  OK  [0m] Started udev Coldplug all Devices.
[[0;32m  OK  [0m] Started Dispatch Password Requests to Console Directory Watch.
[[0;32m  OK  [0m] Found device /dev/ttyS0.
[[0;32m  OK  [0m] Started Monitoring of LVM2 mirrors,...ng dmeventd or progress polling.
[[0;32m  OK  [0m] Reached target Local File Systems (Pre).
[[0;32m  OK  [0m] Reached target Local File Systems.
         Starting Commit a transient machine-id on disk...
         Starting Tell Plymouth To Write Out Runtime Data...
         Starting Initial cloud-init job (pre-networking)...
         Starting LSB: AppArmor initialization...
         Starting Create Volatile Files and Directories...
         Starting Set console font and keymap...
[[0;32m  OK  [0m] Started Tell Plymouth To Write Out Runtime Data.
[[0;32m  OK  [0m] Listening on Load/Save RF Kill Switch Status /dev/rfkill Watch.
[[0;32m  OK  [0m] Started Create Volatile Files and Directories.
         Starting Update UTMP about System Boot/Shutdown...
[[0;32m  OK  [0m] Started Commit a transient machine-id on disk.
[[0;32m  OK  [0m] Started Update UTMP about System Boot/Shutdown.
[[0;32m  OK  [0m] Started LSB: AppArmor initialization.
         Starting Load AppArmor profiles managed internally by snapd...
[[0;32m  OK  [0m] Started Load AppArmor profiles managed internally by snapd.
[    7.806514] cloud-init[525]: Cloud-init v. 21.1-19-gbad84ad4-0ubuntu1~16.04.2 running 'init-local' at Sun, 12 Mar 2023 11:11:04 +0000. Up 7.50 seconds.
[[0;32m  OK  [0m] Started Initial cloud-init job (pre-networking).
[[0;32m  OK  [0m] Reached target Network (Pre).
         Starting Raise network interfaces...
[[0;32m  OK  [0m] Started Set console font and keymap.
[[0;32m  OK  [0m] Created slice system-getty.slice.
[[0;32m  OK  [0m] Started Raise network interfaces.
[[0;32m  OK  [0m] Reached target Network.
         Starting Initial cloud-init job (metadata service crawler)...
[    9.319539] cloud-init[952]: Cloud-init v. 21.1-19-gbad84ad4-0ubuntu1~16.04.2 running 'init' at Sun, 12 Mar 2023 11:11:05 +0000. Up 8.95 seconds.
[    9.323669] cloud-init[952]: ci-info: ++++++++++++++++++++++++++++++++++++++Net device info+++++++++++++++++++++++++++++++++++++++
[    9.327457] cloud-init[952]: ci-info: +--------+-------+----------------------------+---------------+--------+-------------------+
[    9.331138] cloud-init[952]: ci-info: | Device |   Up  |          Address           |      Mask     | Scope  |     Hw-Address    |
[    9.334963] cloud-init[952]: ci-info: +--------+-------+----------------------------+---------------+--------+-------------------+
[    9.338714] cloud-init[952]: ci-info: | enp0s3 |  True |         10.0.2.15          | 255.255.255.0 | global | 02:be:82:6b:cc:1d |
[    9.342965] cloud-init[952]: ci-info: | enp0s3 |  True | fe80::be:82ff:fe6b:cc1d/64 |       .       |  link  | 02:be:82:6b:cc:1d |
[    9.346926] cloud-init[952]: ci-info: | enp0s8 | False |             .              |       .       |   .    | 08:00:27:d7:dd:f4 |
[    9.350633] cloud-init[952]: ci-info: |   lo   |  True |         127.0.0.1          |   255.0.0.0   |  host  |         .         |
[    9.354674] cloud-init[952]: ci-info: |   lo   |  True |          ::1/128           |       .       |  host  |         .         |
[    9.358643] cloud-init[952]: ci-info: +--------+-------+----------------------------+---------------+--------+-------------------+
[    9.362492] cloud-init[952]: ci-info: +++++++++++++++++++++++++++Route IPv4 info++++++++++++++++++++++++++++
[    9.366076] cloud-init[952]: ci-info: +-------+-------------+----------+---------------+-----------+-------+
[    9.369440] cloud-init[952]: ci-info: | Route | Destination | Gateway  |    Genmask    | Interface | Flags |
[    9.372893] cloud-init[952]: ci-info: +-------+-------------+----------+---------------+-----------+-------+
[    9.376518] cloud-init[952]: ci-info: |   0   |   0.0.0.0   | 10.0.2.2 |    0.0.0.0    |   enp0s3  |   UG  |
[    9.379721] cloud-init[952]: ci-info: |   1   |   10.0.2.0  | 0.0.0.0  | 255.255.255.0 |   enp0s3  |   U   |
[    9.383475] cloud-init[952]: ci-info: +-------+-------------+----------+---------------+-----------+-------+
[    9.386885] cloud-init[952]: ci-info: +++++++++++++++++++Route IPv6 info+++++++++++++++++++
[    9.390056] cloud-init[952]: ci-info: +-------+-------------+---------+-----------+-------+
[    9.393031] cloud-init[952]: ci-info: | Route | Destination | Gateway | Interface | Flags |
[    9.395959] cloud-init[952]: ci-info: +-------+-------------+---------+-----------+-------+
[    9.398969] cloud-init[952]: ci-info: |   0   |  fe80::/64  |    ::   |   enp0s3  |   U   |
[    9.401854] cloud-init[952]: ci-info: |   3   |   ff00::/8  |    ::   |   enp0s3  |   U   |
[    9.404841] cloud-init[952]: ci-info: +-------+-------------+---------+-----------+-------+
[    9.407804] cloud-init[952]: Generating public/private rsa key pair.
[    9.410597] cloud-init[952]: Your identification has been saved in /etc/ssh/ssh_host_rsa_key.
[    9.413841] cloud-init[952]: Your public key has been saved in /etc/ssh/ssh_host_rsa_key.pub.
[    9.417050] cloud-init[952]: The key fingerprint is:
[    9.419243] cloud-init[952]: SHA256:GwxJRPkPWETFHfcyPoG2EaRH/AJFoYuaaUnQzG9i/5A root@ubuntu-xenial
[    9.422468] cloud-init[952]: The key's randomart image is:
[    9.425081] cloud-init[952]: +---[RSA 2048]----+
[    9.427180] cloud-init[952]: |     o++oo.*Oo.  |
[    9.429445] cloud-init[952]: |     =... o+o+ . |
[    9.431775] cloud-init[952]: |    . *+  o.=.+ .|
[    9.434134] cloud-init[952]: |     ..+o. +.+.+ |
[    9.436498] cloud-init[952]: |      + So. ..o  |
[    9.438653] cloud-init[952]: |     o O +.    . |
[[0;32m  OK  [0m] Started Initial cloud-init job (metadata service crawler).
[[0;32m  OK  [0m] Reached target Network is Online.
[    9.441019] cloud-init[952]: |      * E        |
[    9.446043] cloud-init[952]: |     .   o       |
[    9.448296] cloud-init[952]: |          .      |
[    9.450400] cloud-init[952]: +----[SHA256]-----+
[    9.452528] cloud-init[952]: Generating public/private dsa key pair.
[    9.454982] cloud-init[952]: Your identification has been saved in /etc/ssh/ssh_host_dsa_key.
[    9.459261]          Starting iSCSI initiator daemon (iscsid)...
[[0;32m  OK  [0m] Reached target System Initialization.
[[0;32m  OK  [0m] Started Daily apt download activities.
cloud-init         Starting LXD - unix socket.
[[0;32m  OK  [0m] Started Daily apt upgrade and clean activities.
[[0;32m  OK  [0m] Started Daily Cleanup of Temporary Directories.
[[0;32m  OK  [0m] Listening on ACPID Listen Socket.
         Starting Socket activation for snappy daemon.
[[0;32m  OK  [0m] Started Ubuntu Advantage update messaging.
[[0;32m  OK  [0m] Listening on UUID daemon activation socket.
[952]: Your public key has been saved in /etc/ssh/ssh_host_dsa_key.pub.[[0;32m  OK  [0m] Started ACPI Events Check.
[[0;32m  OK  [0m] Reached target Paths.
[[0;32m  OK  [0m] Listening on D-Bus System Message Bus Socket.
[[0;32m  OK  [0m] Started Message of the Day.
[[0;32m  OK  [0m] Reached target Timers.
[[0;32m  OK  [0m] Reached target Cloud-config availability.
[[0;32m  OK  [0m] Listening on LXD - unix socket.
[[0;32m  OK  [0m] Listening on Socket activation for snappy daemon.
[[0;32m  OK  [0m] Reached target Sockets.
[[0;32m  OK  [0m] Reached target Basic System.
         Starting Accounts Service...

[    9.488563] cloud-init[952]: The key fingerprint is:
[    9.488723] cloud-init[952]: SHA256:Np3xgSA6vFFX4guqzRuGo/3keFtvWw0GrGhJVdr5X/Q root@ubuntu-xenial
[    9.488751] cloud-init[952]: The key's randomart image is:
[    9.488888] cloud-init[952]: +---[DSA 1024]----+
[    9.488953] cloud-init[952]: |      +.=..      |
[    9.489226] cloud-init[952]: |   . + B + .     |
[    9.489557] cloud-init[952]: |    * o * o . .  |
[    9.489823] cloud-init[952]: |   . B o = + o . |
[    9.490058] cloud-init[952]: |    * . S * . . E|
[    9.490314] cloud-init[952]: |   *   . o + .   |
[    9.490589] cloud-init[952]: |  + * .   . o    |
[    9.490834] cloud-init[952]: | o *.+ ...       |
[    9.491104] cloud-init[952]: |. oo=. .o.       |
[    9.491349] cloud-init[952]: +----[SHA256]-----+
[    9.491604] cloud-init[952]: Generating public/private ecdsa key pair.
[[0;32m  OK  [0m] Started D-Bus System Message Bus.
[    9.491874] cloud-init[952]: Your identification has been saved in /etc/ssh/ssh_host_ecdsa_key.
[    9.507547] cloud-init[952]: Your public key has been saved in /etc/ssh/ssh_host_ecdsa_key.pub.
[    9.511471] cloud-init[952]: The key fingerprint is:
[    9.514784] cloud-init[952]: SHA256:Wskea3pQe02+qLJSLkh+VcBOqIafR3dAGV41gr4pDys root@ubuntu-xenial
[    9.518400] cloud-init[952]: The key's randomart image is:
[    9.522643] cloud-init[952]: +---[ECDSA 256]---+
[    9.525420] cloud-init[952]: |     +o+o.o      |
[    9.528541] cloud-init[952]: |    ..B. . .     |
[    9.531329] cloud-init[952]: | . . +.o         |
[    9.533835] cloud-init[952]: |. o . +.+.  .    |
[    9.536233] cloud-init[952]: | o o . *S. +     |
[    9.538407] cloud-init[952]: |  + + *+.o. o    |
[    9.540501] cloud-init[952]: | o o O..+. . .   |
[    9.542626] cloud-init[952]: |  E = +o. . .    |
[    9.545019] cloud-init[952]: |   o oo+..       |
[    9.547275] cloud-init[952]: +----[SHA256]-----+
[    9.549450] cloud-init[952]: Generating public/private ed25519 key pair.
[    9.552078] cloud-init[952]: Your identification has been saved in /etc/ssh/ssh_host_ed25519_key.
[    9.555203] cloud-init[952]: Your public key has been saved in /etc/ssh/ssh_host_ed25519_key.pub.
[    9.558276] cloud-init[952]: The key fingerprint is:
[    9.560522] cloud-init[952]: SHA256:HLTfgEuSA0zWHLCiYOQmDqJVQMKkBRK/9YxRQcgwkSc root@ubuntu-xenial
[    9.564209] cloud-init[952]: The key's randomart image is:
[    9.567427] cloud-init[952]: +--[ED25519 256]--+
[    9.570467] cloud-init[952]: |B*BO**=o.        |
[    9.572548] cloud-init[952]: |==E+=+oo o       |
[    9.585150]          Starting System Logging Service...
[[0;32m  OK  [0m] Started Deferred execution scheduler.
[[0;32m  OK  [0m] Started ACPI event daemon.
         Starting LSB: MD monitoring daemon...
cloud-init[952]: |*++o+ + = .      |
[    9.594948] cloud-init[952]: |Xo + = = + o     |
[    9.594972] cloud-init[952]: |o.. . o S . .    |
[    9.595272] cloud-init[952]: |                 |
[    9.595589] cloud-init[952]: |                 |
[[0;32m  OK  [0m] Started Regular background program processing daemon.
[    9.595837] cloud-init[952]: |                 |
         Starting Pollinate to seed the pseudo random number generator...
[[0;32m  OK  [0m] Started FUSE filesystem for LXC.
         Starting Virtualbox guest utils...
[    9.607133] cloud-init[952]: |                 |
[    9.623394]          Starting Snap Daemon...
         Starting LSB: Record successful boot for GRUB...
         Starting /etc/rc.local Compatibility...
         Starting Login Service...
         Starting LXD - container startup/shutdown...
[[0;32m  OK  [0m] Started /etc/rc.local Compatibility.
         Starting Authenticate and Authorize Users to Run Privileged Tasks...
cloud-init[952]: +----[SHA256]-----+[[0;32m  OK  [0m] Started iSCSI initiator daemon (iscsid).
         Starting Login to default iSCSI targets...

[[0;32m  OK  [0m] Started Login Service.
[[0;32m  OK  [0m] Started Unattended Upgrades Shutdown.
[[0;32m  OK  [0m] Started System Logging Service.
[[0;32m  OK  [0m] Started Login to default iSCSI targets.
[[0;32m  OK  [0m] Reached target Remote File Systems (Pre).
[[0;32m  OK  [0m] Reached target Remote File Systems.
         Starting LSB: automatic crash report generation...
         Starting LSB: daemon to balance interrupts for SMP systems...
         Starting LSB: Set the CPU Frequency Scaling governor to "ondemand"...
         Starting Permit User Sessions...
[[0;32m  OK  [0m] Started Permit User Sessions.
         Starting Terminate Plymouth Boot Screen...
         Starting Hold until boot process finishes up...
[[0;32m  OK  [0m] Started Hold until boot process finishes up.
         Starting Set console scheme...
[[0;32m  OK  [0m] Started Serial Getty on ttyS0.
[[0;32m  OK  [0m] Started Getty on tty1.
[[0;32m  OK  [0m] Reached target Login Prompts.
[[0;32m  OK  [0m] Started LSB: Record successful boot for GRUB.
[[0;32m  OK  [0m] Started Terminate Plymouth Boot Screen.
[[0;32m  OK  [0m] Started LSB: MD monitoring daemon.
[[0;32m  OK  [0m] Started Set console scheme.
[[0;32m  OK  [0m] Started Authenticate and Authorize Users to Run Privileged Tasks.
[[0;32m  OK  [0m] Started Accounts Service.
[[0;32m  OK  [0m] Started LSB: Set the CPU Frequency Scaling governor to "ondemand".
[[0;32m  OK  [0m] Started LSB: automatic crash report generation.
[[0;32m  OK  [0m] Started LSB: daemon to balance interrupts for SMP systems.
[[0;32m  OK  [0m] Started LXD - container startup/shutdown.
[[0;32m  OK  [0m] Started Virtualbox guest utils.
[[0;32m  OK  [0m] Started Snap Daemon.
         Starting Wait until snapd is fully seeded...
[[0;32m  OK  [0m] Started Pollinate to seed the pseudo random number generator.
         Starting OpenBSD Secure Shell server...
[[0;32m  OK  [0m] Started OpenBSD Secure Shell server.
[[0;32m  OK  [0m] Created slice User Slice of vagrant.
         Starting User Manager for UID 1000...
[[0;32m  OK  [0m] Started Session 1 of user vagrant.
[[0;32m  OK  [0m] Started User Manager for UID 1000.
[[0;32m  OK  [0m] Started Wait until snapd is fully seeded.
         Starting Apply the settings specified in cloud-config...
[[0;32m  OK  [0m] Reached target Multi-User System.
[[0;32m  OK  [0m] Reached target Graphical Interface.
         Starting Update UTMP about System Runlevel Changes...
[[0;32m  OK  [0m] Started Update UTMP about System Runlevel Changes.
[   12.621099] cloud-init[1412]: Generating locales (this might take a while)...
[   13.422741] cloud-init[1412]:   en_US.UTF-8... done
[   13.428571] cloud-init[1412]: Generation complete.
[   13.694080] cloud-init[1412]: Cloud-init v. 21.1-19-gbad84ad4-0ubuntu1~16.04.2 running 'modules:config' at Sun, 12 Mar 2023 11:11:09 +0000. Up 12.53 seconds.
[[0;32m  OK  [0m] Started Apply the settings specified in cloud-config.
         Starting Execute cloud user/final scripts...
ci-info: no authorized SSH keys fingerprints found for user ubuntu.
<14>Mar 12 11:11:11 ec2: 
<14>Mar 12 11:11:11 ec2: #############################################################
<14>Mar 12 11:11:11 ec2: -----BEGIN SSH HOST KEY FINGERPRINTS-----
<14>Mar 12 11:11:11 ec2: 1024 SHA256:Np3xgSA6vFFX4guqzRuGo/3keFtvWw0GrGhJVdr5X/Q root@ubuntu-xenial (DSA)
<14>Mar 12 11:11:11 ec2: 256 SHA256:Wskea3pQe02+qLJSLkh+VcBOqIafR3dAGV41gr4pDys root@ubuntu-xenial (ECDSA)
<14>Mar 12 11:11:11 ec2: 256 SHA256:HLTfgEuSA0zWHLCiYOQmDqJVQMKkBRK/9YxRQcgwkSc root@ubuntu-xenial (ED25519)
<14>Mar 12 11:11:11 ec2: 2048 SHA256:GwxJRPkPWETFHfcyPoG2EaRH/AJFoYuaaUnQzG9i/5A root@ubuntu-xenial (RSA)
<14>Mar 12 11:11:11 ec2: -----END SSH HOST KEY FINGERPRINTS-----
<14>Mar 12 11:11:11 ec2: #############################################################
-----BEGIN SSH HOST KEY KEYS-----
ecdsa-sha2-nistp256 AAAAE2VjZHNhLXNoYTItbmlzdHAyNTYAAAAIbmlzdHAyNTYAAABBBGjeC0MmqzETkAD6GOEIku+qmVsFyAApFfmeWLOyKaY+j6isOoowZDpdbEm4OK9qDcECMpGoAEuDutiugdZ6Z8g= root@ubuntu-xenial
ssh-ed25519 AAAAC3NzaC1lZDI1NTE5AAAAIDFBE7mGTrOv276fr7nL0no2ndlkJgeHBtY8u1BuL+ii root@ubuntu-xenial
ssh-rsa AAAAB3NzaC1yc2EAAAADAQABAAABAQDOnsfK10H22CUB6CV3WLXedw/8WspIBPVdW3pGl7RdVXcXbX06Kj8jb93LrdGTABHIgkry8RMMMpXVbn9RXtKN+oU2E/9cjcul72yWQ0L4AMPSv32ZyJQFXPq/3iz2SZzy4es3B1297aV/w4yuoZHcwR0MlVk6dNBg+PgIqfG8Ue/cabWStXp2ClNlqyZVV7Kw5KhA1I6NCTKbsGY1rlnctZelh6RpviRymjro/SIn/ZfrET8AAD7jMwDfzmc75y1epwzeMvDejovxSVJugbTMHDgcdjREPyWy8SqM1ZbLYEMaxlTl8aD0BaccyBJa3Ii7oh6FW66s4vKrG/NpNY6X root@ubuntu-xenial
-----END SSH HOST KEY KEYS-----
[   14.101573] cloud-init[1562]: Cloud-init v. 21.1-19-gbad84ad4-0ubuntu1~16.04.2 running 'modules:final' at Sun, 12 Mar 2023 11:11:11 +0000. Up 13.95 seconds.
[   14.106176] cloud-init[1562]: ci-info: no authorized SSH keys fingerprints found for user ubuntu.
[   14.109700] cloud-init[1562]: Cloud-init v. 21.1-19-gbad84ad4-0ubuntu1~16.04.2 finished at Sun, 12 Mar 2023 11:11:11 +0000. Datasource DataSourceNoCloud [seed=/dev/sdb][dsmode=net].  Up 14.09 seconds
[[0;32m  OK  [0m] Started Execute cloud user/final scripts.
[[0;32m  OK  [0m] Reached target Cloud-init target.

Ubuntu 16.04.7 LTS ubuntu-xenial ttyS0

ubuntu-xenial login: 