[    0.000000] Linux version 4.15.0-206-generic (buildd@lcy02-amd64-070) (gcc version 7.5.0 (Ubuntu 7.5.0-3ubuntu1~18.04)) #217-Ubuntu SMP Fri Feb 3 19:10:13 UTC 2023 (Ubuntu 4.15.0-206.217-generic 4.15.18)
[    0.000000] Command line: BOOT_IMAGE=/boot/vmlinuz-4.15.0-206-generic root=LABEL=cloudimg-rootfs ro console=tty1 console=ttyS0
[    0.000000] KERNEL supported cpus:
[    0.000000]   Intel GenuineIntel
[    0.000000]   AMD AuthenticAMD
[    0.000000]   Centaur CentaurHauls
[    0.000000] x86/fpu: x87 FPU will use FXSAVE
[    0.000000] e820: BIOS-provided physical RAM map:
[    0.000000] BIOS-e820: [mem 0x0000000000000000-0x000000000009fbff] usable
[    0.000000] BIOS-e820: [mem 0x000000000009fc00-0x000000000009ffff] reserved
[    0.000000] BIOS-e820: [mem 0x00000000000f0000-0x00000000000fffff] reserved
[    0.000000] BIOS-e820: [mem 0x0000000000100000-0x000000003ffeffff] usable
[    0.000000] BIOS-e820: [mem 0x000000003fff0000-0x000000003fffffff] ACPI data
[    0.000000] BIOS-e820: [mem 0x00000000fec00000-0x00000000fec00fff] reserved
[    0.000000] BIOS-e820: [mem 0x00000000fee00000-0x00000000fee00fff] reserved
[    0.000000] BIOS-e820: [mem 0x00000000fffc0000-0x00000000ffffffff] reserved
[    0.000000] NX (Execute Disable) protection: active
[    0.000000] SMBIOS 2.5 present.
[    0.000000] DMI: innotek GmbH VirtualBox/VirtualBox, BIOS VirtualBox 12/01/2006
[    0.000000] Hypervisor detected: KVM
[    0.000000] e820: last_pfn = 0x3fff0 max_arch_pfn = 0x400000000
[    0.000000] MTRR: Disabled
[    0.000000] x86/PAT: MTRRs disabled, skipping PAT initialization too.
[    0.000000] CPU MTRRs all blank - virtualized system.
[    0.000000] x86/PAT: Configuration [0-7]: WB  WT  UC- UC  WB  WT  UC- UC  
[    0.000000] found SMP MP-table at [mem 0x0009fff0-0x0009ffff]
[    0.000000] Scanning 1 areas for low memory corruption
[    0.000000] RAMDISK: [mem 0x359c9000-0x36cdbfff]
[    0.000000] ACPI: Early table checksum verification disabled
[    0.000000] ACPI: RSDP 0x00000000000E0000 000024 (v02 VBOX  )
[    0.000000] ACPI: XSDT 0x000000003FFF0030 00003C (v01 VBOX   VBOXXSDT 00000001 ASL  00000061)
[    0.000000] ACPI: FACP 0x000000003FFF00F0 0000F4 (v04 VBOX   VBOXFACP 00000001 ASL  00000061)
[    0.000000] ACPI: DSDT 0x000000003FFF0470 002325 (v02 VBOX   VBOXBIOS 00000002 INTL 20100528)
[    0.000000] ACPI: FACS 0x000000003FFF0200 000040
[    0.000000] ACPI: FACS 0x000000003FFF0200 000040
[    0.000000] ACPI: APIC 0x000000003FFF0240 00005C (v02 VBOX   VBOXAPIC 00000001 ASL  00000061)
[    0.000000] ACPI: SSDT 0x000000003FFF02A0 0001CC (v01 VBOX   VBOXCPUT 00000002 INTL 20100528)
[    0.000000] ACPI: Reserving FACP table memory at [mem 0x3fff00f0-0x3fff01e3]
[    0.000000] ACPI: Reserving DSDT table memory at [mem 0x3fff0470-0x3fff2794]
[    0.000000] ACPI: Reserving FACS table memory at [mem 0x3fff0200-0x3fff023f]
[    0.000000] ACPI: Reserving FACS table memory at [mem 0x3fff0200-0x3fff023f]
[    0.000000] ACPI: Reserving APIC table memory at [mem 0x3fff0240-0x3fff029b]
[    0.000000] ACPI: Reserving SSDT table memory at [mem 0x3fff02a0-0x3fff046b]
[    0.000000] No NUMA configuration found
[    0.000000] Faking a node at [mem 0x0000000000000000-0x000000003ffeffff]
[    0.000000] NODE_DATA(0) allocated [mem 0x3ffc5000-0x3ffeffff]
[    0.000000] kvm-clock: cpu 0, msr 0:3ff44001, primary cpu clock
[    0.000000] kvm-clock: Using msrs 4b564d01 and 4b564d00
[    0.000000] kvm-clock: using sched offset of 3692012141 cycles
[    0.000000] clocksource: kvm-clock: mask: 0xffffffffffffffff max_cycles: 0x1cd42e4dffb, max_idle_ns: 881590591483 ns
[    0.000000] Zone ranges:
[    0.000000]   DMA      [mem 0x0000000000001000-0x0000000000ffffff]
[    0.000000]   DMA32    [mem 0x0000000001000000-0x000000003ffeffff]
[    0.000000]   Normal   empty
[    0.000000]   Device   empty
[    0.000000] Movable zone start for each node
[    0.000000] Early memory node ranges
[    0.000000]   node   0: [mem 0x0000000000001000-0x000000000009efff]
[    0.000000]   node   0: [mem 0x0000000000100000-0x000000003ffeffff]
[    0.000000] Reserved but unavailable: 104 pages
[    0.000000] Initmem setup node 0 [mem 0x0000000000001000-0x000000003ffeffff]
[    0.000000] ACPI: PM-Timer IO Port: 0x4008
[    0.000000] IOAPIC[0]: apic_id 2, version 32, address 0xfec00000, GSI 0-23
[    0.000000] ACPI: INT_SRC_OVR (bus 0 bus_irq 0 global_irq 2 dfl dfl)
[    0.000000] ACPI: INT_SRC_OVR (bus 0 bus_irq 9 global_irq 9 low level)
[    0.000000] Using ACPI (MADT) for SMP configuration information
[    0.000000] smpboot: Allowing 2 CPUs, 0 hotplug CPUs
[    0.000000] PM: Registered nosave memory: [mem 0x00000000-0x00000fff]
[    0.000000] PM: Registered nosave memory: [mem 0x0009f000-0x0009ffff]
[    0.000000] PM: Registered nosave memory: [mem 0x000a0000-0x000effff]
[    0.000000] PM: Registered nosave memory: [mem 0x000f0000-0x000fffff]
[    0.000000] e820: [mem 0x40000000-0xfebfffff] available for PCI devices
[    0.000000] Booting paravirtualized kernel on KVM
[    0.000000] clocksource: refined-jiffies: mask: 0xffffffff max_cycles: 0xffffffff, max_idle_ns: 7645519600211568 ns
[    0.000000] setup_percpu: NR_CPUS:8192 nr_cpumask_bits:2 nr_cpu_ids:2 nr_node_ids:1
[    0.000000] percpu: Embedded 50 pages/cpu s167936 r8192 d28672 u1048576
[    0.000000] PV qspinlock hash table entries: 256 (order: 0, 4096 bytes)
[    0.000000] Built 1 zonelists, mobility grouping on.  Total pages: 257913
[    0.000000] Policy zone: DMA32
[    0.000000] Kernel command line: BOOT_IMAGE=/boot/vmlinuz-4.15.0-206-generic root=LABEL=cloudimg-rootfs ro console=tty1 console=ttyS0
[    0.000000] Memory: 982640K/1048120K available (12300K kernel code, 2477K rwdata, 4324K rodata, 2480K init, 2720K bss, 65480K reserved, 0K cma-reserved)
[    0.000000] SLUB: HWalign=64, Order=0-3, MinObjects=0, CPUs=2, Nodes=1
[    0.000000] ftrace: allocating 39485 entries in 155 pages
[    0.004000] Hierarchical RCU implementation.
[    0.004000] 	RCU restricting CPUs from NR_CPUS=8192 to nr_cpu_ids=2.
[    0.004000] 	Tasks RCU enabled.
[    0.004000] RCU: Adjusting geometry for rcu_fanout_leaf=16, nr_cpu_ids=2
[    0.004000] NR_IRQS: 524544, nr_irqs: 440, preallocated irqs: 16
[    0.004000] Console: colour VGA+ 80x25
[    0.004000] console [tty1] enabled
[    0.004000] console [ttyS0] enabled
[    0.004000] ACPI: Core revision 20170831
[    0.004000] ACPI: 2 ACPI AML tables successfully acquired and loaded
[    0.004000] APIC: Switch to symmetric I/O mode setup
[    0.004000] ..TIMER: vector=0x30 apic1=0 pin1=2 apic2=-1 pin2=-1
[    0.004006] tsc: Detected 3187.200 MHz processor
[    0.008010] Calibrating delay loop (skipped) preset value.. 6374.40 BogoMIPS (lpj=12748800)
[    0.012004] pid_max: default: 32768 minimum: 301
[    0.014868] Security Framework initialized
[    0.016005] Yama: becoming mindful.
[    0.020082] AppArmor: AppArmor initialized
[    0.027271] Dentry cache hash table entries: 131072 (order: 8, 1048576 bytes)
[    0.029347] Inode-cache hash table entries: 65536 (order: 7, 524288 bytes)
[    0.032083] Mount-cache hash table entries: 2048 (order: 2, 16384 bytes)
[    0.036082] Mountpoint-cache hash table entries: 2048 (order: 2, 16384 bytes)
[    0.041323] Last level iTLB entries: 4KB 0, 2MB 0, 4MB 0
[    0.044003] Last level dTLB entries: 4KB 0, 2MB 0, 4MB 0, 1GB 0
[    0.048003] Spectre V1 : Mitigation: usercopy/swapgs barriers and __user pointer sanitization
[    0.052007] Spectre V2 : Mitigation: Enhanced IBRS
[    0.055038] Spectre V2 : Spectre v2 / SpectreRSB mitigation: Filling RSB on context switch
[    0.056008] Spectre V2 : Spectre v2 / PBRSB-eIBRS: Retire a single CALL on VMEXIT
[    0.060004] RETBleed: Mitigation: Enhanced IBRS
[    0.064003] Speculative Store Bypass: Vulnerable
[    0.066918] Freeing SMP alternatives memory: 36K
[    0.180825] smpboot: CPU0: 11th Gen Intel(R) Core(TM) i5-11320H @ 3.20GHz (family: 0x6, model: 0x8c, stepping: 0x2)
[    0.184447] Performance Events: unsupported p6 CPU model 140 no PMU driver, software events only.
[    0.188128] Hierarchical SRCU implementation.
[    0.192769] NMI watchdog: Perf event create on CPU 0 failed with -2
[    0.196005] NMI watchdog: Perf NMI watchdog permanently disabled
[    0.200266] smp: Bringing up secondary CPUs ...
[    0.204684] x86: Booting SMP configuration:
[    0.207239] .... node  #0, CPUs:      #1
[    0.004000] kvm-clock: cpu 1, msr 0:3ff44041, secondary cpu clock
[    0.215913] TSC synchronization [CPU#0 -> CPU#1]:
[    0.216000] Measured 70158 cycles TSC warp between CPUs, turning off TSC clock.
[    0.216000] tsc: Marking TSC unstable due to check_tsc_sync_source failed
[    0.220098] smp: Brought up 1 node, 2 CPUs
[    0.224006] smpboot: Max logical packages: 1
[    0.226692] smpboot: Total of 2 processors activated (12748.80 BogoMIPS)
[    0.232003] devtmpfs: initialized
[    0.234382] x86/mm: Memory block size: 128MB
[    0.236321] evm: security.selinux
[    0.239032] evm: security.SMACK64
[    0.240003] evm: security.SMACK64EXEC
[    0.244006] evm: security.SMACK64TRANSMUTE
[    0.246487] evm: security.SMACK64MMAP
[    0.248002] evm: security.apparmor
[    0.250052] evm: security.ima
[    0.251945] evm: security.capability
[    0.252310] clocksource: jiffies: mask: 0xffffffff max_cycles: 0xffffffff, max_idle_ns: 7645041785100000 ns
[    0.256010] futex hash table entries: 512 (order: 3, 32768 bytes)
[    0.260166] pinctrl core: initialized pinctrl subsystem
[    0.264406] RTC time:  8:20:37, date: 03/12/23
[    0.269022] NET: Registered protocol family 16
[    0.271764] audit: initializing netlink subsys (disabled)
[    0.272192] audit: type=2000 audit(1678609242.442:1): state=initialized audit_enabled=0 res=1
[    0.280008] cpuidle: using governor ladder
[    0.284008] cpuidle: using governor menu
[    0.286460] ACPI: bus type PCI registered
[    0.288005] acpiphp: ACPI Hot Plug PCI Controller Driver version: 0.5
[    0.292395] PCI: Using configuration type 1 for base access
[    0.300082] HugeTLB registered 2.00 MiB page size, pre-allocated 0 pages
[    0.304395] ACPI: Added _OSI(Module Device)
[    0.308089] ACPI: Added _OSI(Processor Device)
[    0.310739] ACPI: Added _OSI(3.0 _SCP Extensions)
[    0.312010] ACPI: Added _OSI(Processor Aggregator Device)
[    0.316003] ACPI: Added _OSI(Linux-Dell-Video)
[    0.318666] ACPI: Added _OSI(Linux-Lenovo-NV-HDMI-Audio)
[    0.320005] ACPI: Added _OSI(Linux-HPI-Hybrid-Graphics)
[    0.324656] ACPI: Executed 1 blocks of module-level executable AML code
[    0.331008] ACPI: Interpreter enabled
[    0.332023] ACPI: (supports S0 S5)
[    0.336009] ACPI: Using IOAPIC for interrupt routing
[    0.339213] PCI: Using host bridge windows from ACPI; if necessary, use "pci=nocrs" and report a bug
[    0.340195] ACPI: Enabled 2 GPEs in block 00 to 07
[    0.351439] ACPI: PCI Root Bridge [PCI0] (domain 0000 [bus 00-ff])
[    0.352010] acpi PNP0A03:00: _OSC: OS supports [ASPM ClockPM Segments MSI]
[    0.356552] acpi PNP0A03:00: _OSC: not requesting OS control; OS requires [ExtendedConfig ASPM ClockPM MSI]
[    0.360026] acpi PNP0A03:00: fail to add MMCONFIG information, can't access extended PCI configuration space under this bridge.
[    0.364559] PCI host bridge to bus 0000:00
[    0.368004] pci_bus 0000:00: root bus resource [io  0x0000-0x0cf7 window]
[    0.372002] pci_bus 0000:00: root bus resource [io  0x0d00-0xffff window]
[    0.376003] pci_bus 0000:00: root bus resource [mem 0x000a0000-0x000bffff window]
[    0.380000] pci_bus 0000:00: root bus resource [mem 0x40000000-0xfdffffff window]
[    0.380010] pci_bus 0000:00: root bus resource [bus 00-ff]
[    0.388729] pci 0000:00:01.1: legacy IDE quirk: reg 0x10: [io  0x01f0-0x01f7]
[    0.392003] pci 0000:00:01.1: legacy IDE quirk: reg 0x14: [io  0x03f6]
[    0.396003] pci 0000:00:01.1: legacy IDE quirk: reg 0x18: [io  0x0170-0x0177]
[    0.400004] pci 0000:00:01.1: legacy IDE quirk: reg 0x1c: [io  0x0376]
[    0.422336] pci 0000:00:07.0: quirk: [io  0x4000-0x403f] claimed by PIIX4 ACPI
[    0.424031] pci 0000:00:07.0: quirk: [io  0x4100-0x410f] claimed by PIIX4 SMB
[    0.438039] ACPI: PCI Interrupt Link [LNKA] (IRQs 5 9 10 *11)
[    0.440384] ACPI: PCI Interrupt Link [LNKB] (IRQs 5 9 *10 11)
[    0.444169] ACPI: PCI Interrupt Link [LNKC] (IRQs 5 *9 10 11)
[    0.448136] ACPI: PCI Interrupt Link [LNKD] (IRQs 5 9 10 *11)
[    0.452683] SCSI subsystem initialized
[    0.456144] pci 0000:00:02.0: vgaarb: setting as boot VGA device
[    0.459875] pci 0000:00:02.0: vgaarb: VGA device added: decodes=io+mem,owns=io+mem,locks=none
[    0.460007] pci 0000:00:02.0: vgaarb: bridge control possible
[    0.464003] vgaarb: loaded
[    0.465784] ACPI: bus type USB registered
[    0.468035] usbcore: registered new interface driver usbfs
[    0.472052] usbcore: registered new interface driver hub
[    0.476026] usbcore: registered new device driver usb
[    0.480446] EDAC MC: Ver: 3.0.0
[    0.484814] PCI: Using ACPI for IRQ routing
[    0.488595] NetLabel: Initializing
[    0.492002] NetLabel:  domain hash size = 128
[    0.494579] NetLabel:  protocols = UNLABELED CIPSOv4 CALIPSO
[    0.496020] NetLabel:  unlabeled traffic allowed by default
[    0.500218] clocksource: Switched to clocksource kvm-clock
[    0.509265] VFS: Disk quotas dquot_6.6.0
[    0.509265] VFS: Dquot-cache hash table entries: 512 (order 0, 4096 bytes)
[    0.509265] AppArmor: AppArmor Filesystem Enabled
[    0.509265] pnp: PnP ACPI init
[    0.509265] pnp: PnP ACPI: found 3 devices
[    0.579228] clocksource: acpi_pm: mask: 0xffffff max_cycles: 0xffffff, max_idle_ns: 2085701024 ns
[    0.580103] NET: Registered protocol family 2
[    0.580103] IP idents hash table entries: 16384 (order: 5, 131072 bytes)
[    0.592405] TCP established hash table entries: 8192 (order: 4, 65536 bytes)
[    0.596984] TCP bind hash table entries: 8192 (order: 5, 131072 bytes)
[    0.601078] TCP: Hash tables configured (established 8192 bind 8192)
[    0.604733] UDP hash table entries: 512 (order: 2, 16384 bytes)
[    0.604733] UDP-Lite hash table entries: 512 (order: 2, 16384 bytes)
[    0.604733] NET: Registered protocol family 1
[    0.604733] pci 0000:00:00.0: Limiting direct PCI/PCI transfers
[    0.604733] pci 0000:00:01.0: Activating ISA DMA hang workarounds
[    0.604733] pci 0000:00:02.0: Video device with shadowed ROM at [mem 0x000c0000-0x000dffff]
[    0.604733] Unpacking initramfs...
[    0.974736] Freeing initrd memory: 19532K
[    0.978168] clocksource: tsc: mask: 0xffffffffffffffff max_cycles: 0x2df10e7656b, max_idle_ns: 440795364873 ns
[    0.984247] platform rtc_cmos: registered platform RTC device (no PNP device found)
[    0.988101] Scanning for low memory corruption every 60 seconds
[    0.993651] Initialise system trusted keyrings
[    0.996401] Key type blacklist registered
[    1.000355] workingset: timestamp_bits=36 max_order=18 bucket_order=0
[    1.006389] zbud: loaded
[    1.009123] squashfs: version 4.0 (2009/01/31) Phillip Lougher
[    1.013868] fuse init (API version 7.26)
[    1.035422] Key type asymmetric registered
[    1.038479] Asymmetric key parser 'x509' registered
[    1.041822] Block layer SCSI generic (bsg) driver version 0.4 loaded (major 246)
[    1.046966] io scheduler noop registered
[    1.049548] io scheduler deadline registered
[    1.052394] io scheduler cfq registered (default)
[    1.056145] ACPI: AC Adapter [AC] (off-line)
[    1.059077] input: Power Button as /devices/LNXSYSTM:00/LNXPWRBN:00/input/input0
[    1.064264] ACPI: Power Button [PWRF]
[    1.066740] input: Sleep Button as /devices/LNXSYSTM:00/LNXSLPBN:00/input/input1
[    1.072170] ACPI: Sleep Button [SLPF]
[    1.076828] ACPI: Battery Slot [BAT0] (battery present)
[    1.080238] Serial: 8250/16550 driver, 32 ports, IRQ sharing enabled
[    1.108842] 00:02: ttyS0 at I/O 0x3f8 (irq = 4, base_baud = 115200) is a 16550A
[    1.117453] Linux agpgart interface v0.103
[    1.124971] loop: module loaded
[    1.128891] scsi host0: ata_piix
[    1.132359] scsi host1: ata_piix
[    1.134424] ata1: PATA max UDMA/33 cmd 0x1f0 ctl 0x3f6 bmdma 0xd000 irq 14
[    1.139578] ata2: PATA max UDMA/33 cmd 0x170 ctl 0x376 bmdma 0xd008 irq 15
[    1.144415] tun: Universal TUN/TAP device driver, 1.6
[    1.148956] PPP generic driver version 2.4.2
[    1.151903] ehci_hcd: USB 2.0 'Enhanced' Host Controller (EHCI) Driver
[    1.152819] ehci-pci: EHCI PCI platform driver
[    1.152819] ehci-platform: EHCI generic platform driver
[    1.152819] ohci_hcd: USB 1.1 'Open' Host Controller (OHCI) Driver
[    1.152819] ohci-pci: OHCI PCI platform driver
[    1.152819] ohci-platform: OHCI generic platform driver
[    1.152819] uhci_hcd: USB Universal Host Controller Interface driver
[    1.152819] i8042: PNP: PS/2 Controller [PNP0303:PS2K,PNP0f03:PS2M] at 0x60,0x64 irq 1,12
[    1.152819] serio: i8042 KBD port at 0x60,0x64 irq 1
[    1.152819] serio: i8042 AUX port at 0x60,0x64 irq 12
[    1.152819] mousedev: PS/2 mouse device common for all mice
[    1.195026] rtc_cmos rtc_cmos: rtc core: registered rtc_cmos as rtc0
[    1.199483] rtc_cmos rtc_cmos: alarms up to one day, 114 bytes nvram
[    1.203639] i2c /dev entries driver
[    1.206901] device-mapper: uevent: version 1.0.3
[    1.211380] device-mapper: ioctl: 4.37.0-ioctl (2017-09-20) initialised: dm-devel@redhat.com
[    1.218986] ledtrig-cpu: registered to indicate activity on CPUs
[    1.219014] input: AT Translated Set 2 keyboard as /devices/platform/i8042/serio0/input/input2
[    1.231582] NET: Registered protocol family 10
[    1.243216] Segment Routing with IPv6
[    1.246099] NET: Registered protocol family 17
[    1.249572] Key type dns_resolver registered
[    1.253356] mce: Using 0 MCE banks
[    1.255752] RAS: Correctable Errors collector initialized.
[    1.259417] sched_clock: Marking stable (1259305784, 0)->(1756631966, -497326182)
[    1.267268] registered taskstats version 1
[    1.270233] Loading compiled-in X.509 certificates
[    1.276871] Loaded X.509 cert 'Build time autogenerated kernel key: 4d405f87ce750406625b929cd2e51cc76ab5bcf4'
[    1.283709] Loaded X.509 cert 'Canonical Ltd. Live Patch Signing: 14df34d1a87cf37625abec039ef2bf521249b969'
[    1.290213] Loaded X.509 cert 'Canonical Ltd. Kernel Module Signing: 88f752e560a1e0737e31163a466ad7b70a850c19'
[    1.296617] blacklist: Loading compiled-in revocation X.509 certificates
[    1.300782] Loaded X.509 cert 'Canonical Ltd. Secure Boot Signing: 61482aa2830d0ab2ad5af10b7250da9033ddcef0'
[    1.312571] Loaded X.509 cert 'Canonical Ltd. Secure Boot Signing (2017): 242ade75ac4a15e50d50c84b0d45ff3eae707a03'
[    1.319569] Loaded X.509 cert 'Canonical Ltd. Secure Boot Signing (ESM 2018): 365188c1d374d6b07c3c8f240f8ef722433d6a8b'
[    1.326395] Loaded X.509 cert 'Canonical Ltd. Secure Boot Signing (2019): c0746fd6c5da3ae827864651ad66ae47fe24b3e8'
[    1.336138] Loaded X.509 cert 'Canonical Ltd. Secure Boot Signing (2021 v1): a8d54bbb3825cfb94fa13c9f8a594a195c107b8d'
[    1.343643] Loaded X.509 cert 'Canonical Ltd. Secure Boot Signing (2021 v2): 4cf046892d6fd3c9a5b03f98d845f90851dc6a8c'
[    1.350860] Loaded X.509 cert 'Canonical Ltd. Secure Boot Signing (2021 v3): 100437bb6de6e469b581e61cd66bce3ef4ed53af'
[    1.358429] Loaded X.509 cert 'Canonical Ltd. Secure Boot Signing (Ubuntu Core 2019): c1d57b8f6b743f23ee41f4f7ee292f06eecadfb9'
[    1.367001] zswap: loaded using pool lzo/zbud
[    1.378981] Key type big_key registered
[    1.382495] Key type trusted registered
[    1.388766] Key type encrypted registered
[    1.391331] AppArmor: AppArmor sha1 policy hashing enabled
[    1.395406] ima: No TPM chip found, activating TPM-bypass! (rc=-19)
[    1.399455] ima: Allocated hash algorithm: sha1
[    1.402402] evm: HMAC attrs: 0x1
[    1.406171]   Magic number: 15:1:321
[    1.408804] tty tty46: hash matches
[    1.411150] pci 0000:00:02.0: hash matches
[    1.415434] rtc_cmos rtc_cmos: setting system clock to 2023-03-12 08:20:38 UTC (1678609238)
[    1.420818] BIOS EDD facility v0.16 2004-Jun-25, 0 devices found
[    1.424823] EDD information not available.
[    1.429626] Freeing unused kernel image memory: 2480K
[    1.448881] Write protecting the kernel read-only data: 20480k
[    1.454467] Freeing unused kernel image memory: 2008K
[    1.458861] Freeing unused kernel image memory: 1820K
[    1.465386] x86/mm: Checked W+X mappings: passed, no W+X pages found.
Loading, please wait...
starting version 237
[    1.529646] e1000: Intel(R) PRO/1000 Network Driver - version 7.3.21-k8-NAPI
[    1.535725] e1000: Copyright (c) 1999-2006 Intel Corporation.
[    1.542237] Fusion MPT base driver 3.04.20
[    1.545676] Copyright (c) 1999-2008 LSI Corporation
[    1.566654] Fusion MPT SPI Host driver 3.04.20
[    1.775539] input: ImExPS/2 Generic Explorer Mouse as /devices/platform/i8042/serio1/input/input4
[    2.447517] e1000 0000:00:03.0 eth0: (PCI:33MHz:32-bit) 02:df:c2:d4:51:e3
[    2.452219] e1000 0000:00:03.0 eth0: Intel(R) PRO/1000 Network Connection
[    2.457903] mptbase: ioc0: Initiating bringup
[    2.632640] ioc0: LSI53C1030 A0: Capabilities={Initiator}
[    2.999661] scsi host2: ioc0: LSI53C1030 A0, FwRev=00000000h, Ports=1, MaxQ=256, IRQ=20
[    4.184883] scsi 2:0:0:0: Direct-Access     VBOX     HARDDISK         1.0  PQ: 0 ANSI: 5
[    4.226323] scsi target2:0:0: Beginning Domain Validation
[    4.240435] scsi target2:0:0: Domain Validation skipping write tests
[    4.245380] scsi target2:0:0: Ending Domain Validation
[    4.249521] scsi target2:0:0: asynchronous
[    4.253734] scsi 2:0:1:0: Direct-Access     VBOX     HARDDISK         1.0  PQ: 0 ANSI: 5
[    4.504412] scsi target2:0:1: Beginning Domain Validation
[    4.513489] scsi target2:0:1: Domain Validation skipping write tests
[    4.518002] scsi target2:0:1: Ending Domain Validation
[    4.521807] scsi target2:0:1: asynchronous
[    4.532193] sd 2:0:0:0: Attached scsi generic sg0 type 0
[    4.535413] sd 2:0:1:0: Attached scsi generic sg1 type 0
[    4.541011] sd 2:0:0:0: [sda] 83886080 512-byte logical blocks: (42.9 GB/40.0 GiB)
[    4.545696] sd 2:0:1:0: [sdb] 20480 512-byte logical blocks: (10.5 MB/10.0 MiB)
[    4.551009] sd 2:0:0:0: [sda] Write Protect is off
[    4.554486] sd 2:0:1:0: [sdb] Write Protect is off
[    4.558927] sd 2:0:0:0: [sda] Incomplete mode parameter data
[    4.562408] sd 2:0:0:0: [sda] Assuming drive cache: write through
[    4.566203] sd 2:0:1:0: [sdb] Incomplete mode parameter data
[    4.570088] sd 2:0:1:0: [sdb] Assuming drive cache: write through
[    4.578590]  sda: sda1
[    4.582587] sd 2:0:0:0: [sda] Attached SCSI disk
[    4.587196] sd 2:0:1:0: [sdb] Attached SCSI disk
[    4.802934] e1000 0000:00:08.0 eth1: (PCI:33MHz:32-bit) 08:00:27:4e:f8:2d
[    4.808782] e1000 0000:00:08.0 eth1: Intel(R) PRO/1000 Network Connection
[    4.817594] e1000 0000:00:08.0 enp0s8: renamed from eth1
[    4.836940] e1000 0000:00:03.0 enp0s3: renamed from eth0
[ 6929.477126] INFO: rcu_sched detected stalls on CPUs/tasks:
[ 6929.477244] INFO: rcu_sched self-detected stall on CPU
[ 6929.481262] 	1-...!: (3 ticks this GP) idle=e3e/140000000000001/0 softirq=723/723 fqs=1 
[ 6929.490010] 	(detected by 0, t=1731159 jiffies, g=-190, c=-191, q=82)
[ 6929.490198] 	1-...!: (3 ticks this GP) idle=e3e/140000000000001/0 softirq=723/723 fqs=1 
[ 6929.499930] 	 (t=1731159 jiffies g=-190 c=-191 q=82)
[ 6929.499985] Sending NMI from CPU 0 to CPUs 1:
[ 6929.503687] rcu_sched kthread starved for 1731156 jiffies! g18446744073709551426 c18446744073709551425 f0x0 RCU_GP_WAIT_FQS(3) ->state=0x402 ->cpu=0
[ 6929.507817] NMI backtrace for cpu 1
[ 6929.507859] CPU: 1 PID: 168 Comm: systemd-udevd Not tainted 4.15.0-206-generic #217-Ubuntu
[ 6929.507860] Hardware name: innotek GmbH VirtualBox/VirtualBox, BIOS VirtualBox 12/01/2006
[ 6929.507860] RIP: 0010:io_serial_out+0x1a/0x20
[ 6929.507860] RSP: 0018:ffff8dd57fd03bf8 EFLAGS: 00010002
[ 6929.507861] RAX: 000000000000005b RBX: ffffffff89b16e60 RCX: 0000000000000000
[ 6929.507862] RDX: 00000000000003f8 RSI: 0000000000000000 RDI: ffffffff89b16e60
[ 6929.507862] RBP: ffff8dd57fd03bf8 R08: 0000000000000000 R09: 0000000000000007
[ 6929.507862] R10: 0000000000000000 R11: ffffffff8996a80d R12: 000000000000005b
[ 6929.507863] R13: ffffffff8996a898 R14: ffffffff8996a801 R15: ffffffff89b16e60
[ 6929.507863] FS:  00007f459b90c680(0000) GS:ffff8dd57fd00000(0000) knlGS:0000000000000000
[ 6929.507863] CS:  0010 DS: 0000 ES: 0000 CR0: 0000000080050033
[ 6929.507863] CR2: 000055ab8c39aaa0 CR3: 000000003682e003 CR4: 00000000000206e0
[ 6929.507864] Call Trace:
[ 6929.507864]  <IRQ>
[ 6929.507864]  serial8250_console_putchar+0x2d/0x40
[ 6929.507865]  ? wait_for_xmitr+0xb0/0xb0
[ 6929.507865]  uart_console_write+0x4c/0x60
[ 6929.507865]  serial8250_console_write+0x10a/0x2a0
[ 6929.507865]  ? msg_print_text+0x80/0x100
[ 6929.507866]  univ8250_console_write+0x21/0x30
[ 6929.507866]  console_unlock+0x3cf/0x560
[ 6929.507866]  vprintk_emit+0x134/0x2c0
[ 6929.507866]  vprintk_default+0x29/0x50
[ 6929.507867]  vprintk_func+0x47/0xc0
[ 6929.507867]  printk+0x52/0x6e
[ 6929.507867]  rcu_check_gp_kthread_starvation+0x98/0xc0
[ 6929.507868]  rcu_check_callbacks+0x6c5/0x8e0
[ 6929.507868]  ? tick_sched_do_timer+0x50/0x50
[ 6929.507868]  update_process_times+0x2f/0x60
[ 6929.507869]  tick_sched_handle+0x26/0x70
[ 6929.507869]  ? tick_sched_do_timer+0x42/0x50
[ 6929.507869]  tick_sched_timer+0x39/0x80
[ 6929.507869]  __hrtimer_run_queues+0xdf/0x230
[ 6929.507870]  hrtimer_interrupt+0xa0/0x1d0
[ 6929.507870]  smp_apic_timer_interrupt+0x6f/0x140
[ 6929.507870]  apic_timer_interrupt+0x90/0xa0
[ 6929.507870]  </IRQ>
[ 6929.507871] RIP: 0010:kernfs_fop_read+0x27/0x180
[ 6929.507871] RSP: 0018:ffffb902804f7e68 EFLAGS: 00010292 ORIG_RAX: ffffffffffffff11
[ 6929.507872] RAX: ffff8dd57e3a0d80 RBX: 0000000000001000 RCX: ffffb902804f7ef8
[ 6929.507872] RDX: 0000000000001000 RSI: 000055ab8c3a27f0 RDI: ffff8dd5768d2600
[ 6929.507872] RBP: ffffb902804f7e98 R08: ffffffff88e5b840 R09: 0000000000000000
[ 6929.507873] R10: 0000000000000000 R11: 0000000000000000 R12: 0000000000000000
[ 6929.507873] R13: ffffb902804f7ef8 R14: 000055ab8c3a27f0 R15: ffff8dd576bccc00
[ 6929.507873]  ? security_file_permission+0xa1/0xc0
[ 6929.507873]  __vfs_read+0x1b/0x40
[ 6929.507874]  vfs_read+0x8e/0x130
[ 6929.507874]  SyS_read+0x5c/0xe0
[ 6929.507874]  do_syscall_64+0x73/0x130
[ 6929.507875]  entry_SYSCALL_64_after_hwframe+0x59/0xbe
[ 6929.507875] RIP: 0033:0x7f459b408031
[ 6929.507875] RSP: 002b:00007fffbd8cd758 EFLAGS: 00000246 ORIG_RAX: 0000000000000000
[ 6929.507876] RAX: ffffffffffffffda RBX: 000055ab8c342260 RCX: 00007f459b408031
[ 6929.507876] RDX: 0000000000001000 RSI: 000055ab8c3a27f0 RDI: 000000000000000d
[ 6929.507877] RBP: 00007f459b6e02a0 R08: 0000000000000000 R09: 0000000000000000
[ 6929.507877] R10: 000055ab8c342010 R11: 0000000000000246 R12: 000055ab8c3a27f0
[ 6929.507878] R13: 0000000000001001 R14: 0000000000000d68 R15: 0000000000001001
[ 6929.507878] Code: 55 48 89 e5 d3 e6 01 f2 ec 0f b6 c0 5d c3 0f 1f 00 0f 1f 44 00 00 0f b6 8f a1 00 00 00 89 d0 8b 57 08 55 48 89 e5 d3 e6 01 f2 ee <5d> c3 0f 1f 40 00 0f 1f 44 00 00 0f b6 87 a2 00 00 00 55 48 c7 
[ 6929.507889] rcu_sched kthread starved for 1731156 jiffies! g18446744073709551426 c18446744073709551425 f0x0 RCU_GP_WAIT_FQS(3) ->state=0x402 ->cpu=0
[ 6929.515706] rcu_sched       I    0     8      2 0x80000000
[ 6929.518156] rcu_sched       I    0     8      2 0x80000000
[ 6929.524046] Call Trace:
[ 6929.529233] Call Trace:
[ 6929.532580]  __schedule+0x24e/0x890
[ 6929.535589]  __schedule+0x24e/0x890
[ 6929.540015]  schedule+0x2c/0x80
[ 6929.543910]  schedule+0x2c/0x80
[ 6929.548433]  schedule_timeout+0x15d/0x370
[ 6929.552438]  schedule_timeout+0x15d/0x370
[ 6929.556897]  ? __next_timer_interrupt+0xe0/0xe0
[ 6929.562068]  ? __next_timer_interrupt+0xe0/0xe0
[ 6929.565714]  rcu_gp_kthread+0x53a/0x980
[ 6929.569991]  rcu_gp_kthread+0x53a/0x980
[ 6929.571841]  kthread+0x121/0x140
[ 6929.573132]  kthread+0x121/0x140
[ 6929.576171]  ? rcu_note_context_switch+0x150/0x150
[ 6929.578443]  ? rcu_note_context_switch+0x150/0x150
[ 6929.581124]  ? kthread_create_worker_on_cpu+0x70/0x70
[ 6929.583899]  ? kthread_create_worker_on_cpu+0x70/0x70
[ 6929.586601]  ret_from_fork+0x1f/0x40
[ 6929.589155]  ret_from_fork+0x1f/0x40
[ 6929.591976] NMI backtrace for cpu 1
[ 6929.791681] CPU: 1 PID: 168 Comm: systemd-udevd Not tainted 4.15.0-206-generic #217-Ubuntu
[ 6929.796707] Hardware name: innotek GmbH VirtualBox/VirtualBox, BIOS VirtualBox 12/01/2006
[ 6929.801697] Call Trace:
[ 6929.803495]  <IRQ>
[ 6929.805243]  dump_stack+0x6d/0x8b
[ 6929.807539]  nmi_cpu_backtrace+0x94/0xa0
[ 6929.810030]  ? lapic_can_unplug_cpu+0xb0/0xb0
[ 6929.812634]  nmi_trigger_cpumask_backtrace+0xe7/0x130
[ 6929.815596]  arch_trigger_cpumask_backtrace+0x19/0x20
[ 6929.818611]  rcu_dump_cpu_stacks+0xa3/0xd5
[ 6929.821076]  rcu_check_callbacks+0x6cd/0x8e0
[ 6929.823657]  ? tick_sched_do_timer+0x50/0x50
[ 6929.826391]  update_process_times+0x2f/0x60
[ 6929.828974]  tick_sched_handle+0x26/0x70
[ 6929.831377]  ? tick_sched_do_timer+0x42/0x50
[ 6929.833955]  tick_sched_timer+0x39/0x80
[ 6929.836299]  __hrtimer_run_queues+0xdf/0x230
[ 6929.838873]  hrtimer_interrupt+0xa0/0x1d0
[ 6929.841335]  smp_apic_timer_interrupt+0x6f/0x140
[ 6929.844084]  apic_timer_interrupt+0x90/0xa0
[ 6929.846644]  </IRQ>
[ 6929.848198] RIP: 0010:kernfs_fop_read+0x27/0x180
[ 6929.850969] RSP: 0018:ffffb902804f7e68 EFLAGS: 00010292 ORIG_RAX: ffffffffffffff11
[ 6929.855469] RAX: ffff8dd57e3a0d80 RBX: 0000000000001000 RCX: ffffb902804f7ef8
[ 6929.859661] RDX: 0000000000001000 RSI: 000055ab8c3a27f0 RDI: ffff8dd5768d2600
[ 6929.863810] RBP: ffffb902804f7e98 R08: ffffffff88e5b840 R09: 0000000000000000
[ 6929.867992] R10: 0000000000000000 R11: 0000000000000000 R12: 0000000000000000
[ 6929.872330] R13: ffffb902804f7ef8 R14: 000055ab8c3a27f0 R15: ffff8dd576bccc00
[ 6929.876465]  ? security_file_permission+0xa1/0xc0
[ 6929.879338]  __vfs_read+0x1b/0x40
[ 6929.881417]  vfs_read+0x8e/0x130
[ 6929.883426]  SyS_read+0x5c/0xe0
[ 6929.885406]  do_syscall_64+0x73/0x130
[ 6929.887650]  entry_SYSCALL_64_after_hwframe+0x59/0xbe
[ 6929.890822] RIP: 0033:0x7f459b408031
[ 6929.893029] RSP: 002b:00007fffbd8cd758 EFLAGS: 00000246 ORIG_RAX: 0000000000000000
[ 6929.897678] RAX: ffffffffffffffda RBX: 000055ab8c342260 RCX: 00007f459b408031
[ 6929.901813] RDX: 0000000000001000 RSI: 000055ab8c3a27f0 RDI: 000000000000000d
[ 6929.905912] RBP: 00007f459b6e02a0 R08: 0000000000000000 R09: 0000000000000000
[ 6929.910113] R10: 000055ab8c342010 R11: 0000000000000246 R12: 000055ab8c3a27f0
[ 6929.914449] R13: 0000000000001001 R14: 0000000000000d68 R15: 0000000000001001
Begin: Loading essential drivers ... [ 6931.748370] raid6: sse2x1   gen() 17291 MB/s
[ 6931.796197] raid6: sse2x1   xor() 11104 MB/s
[ 6931.844160] raid6: sse2x2   gen() 21555 MB/s
[ 6931.892841] raid6: sse2x2   xor() 14118 MB/s
[ 6931.940802] raid6: sse2x4   gen() 23231 MB/s
[ 6931.992461] raid6: sse2x4   xor() 13850 MB/s
[ 6931.994986] raid6: using algorithm sse2x4 gen() 23231 MB/s
[ 6931.998745] raid6: .... xor() 13850 MB/s, rmw enabled
[ 6932.001847] raid6: using ssse3x2 recovery algorithm
[ 6932.006735] xor: measuring software checksum speed
[ 6932.048167]    prefetch64-sse: 27774.000 MB/sec
[ 6932.088144]    generic_sse: 22504.000 MB/sec
[ 6932.091078] xor: using function: prefetch64-sse (27774.000 MB/sec)
[ 6932.096355] async_tx: api initialized (async)
done.
Begin: Running /scripts/init-premount ... done.
Begin: Mounting root file system ... Begin: Running /scripts/local-top ... done.
Begin: Running /scripts/local-premount ... [ 6932.153914] Btrfs loaded, crc32c=crc32c-intel
Scanning for Btrfs filesystems
done.
Warning: fsck not present, so skipping root file system
[ 6932.201685] EXT4-fs (sda1): mounted filesystem with ordered data mode. Opts: (null)
done.
Begin: Running /scripts/local-bottom ... done.
Begin: Running /scripts/init-bottom ... done.
[ 6932.401937] ip_tables: (C) 2000-2006 Netfilter Core Team
[ 6932.418378] systemd[1]: systemd 237 running in system mode. (+PAM +AUDIT +SELINUX +IMA +APPARMOR +SMACK +SYSVINIT +UTMP +LIBCRYPTSETUP +GCRYPT +GNUTLS +ACL +XZ +LZ4 +SECCOMP +BLKID +ELFUTILS +KMOD -IDN2 +IDN -PCRE2 default-hierarchy=hybrid)
[ 6932.430800] systemd[1]: Detected virtualization oracle.
[ 6932.434108] systemd[1]: Detected architecture x86-64.

Welcome to [1mUbuntu 18.04.6 LTS[0m!

[ 6932.459525] systemd[1]: Set hostname to <web01>.
[ 6932.745272] random: systemd: uninitialized urandom read (16 bytes read)
[ 6932.757177] systemd[1]: Created slice System Slice.
[[0;32m  OK  [0m] Created slice System Slice.
[ 6932.763046] random: systemd: uninitialized urandom read (16 bytes read)
[ 6932.767303] systemd[1]: Listening on udev Control Socket.
[[0;32m  OK  [0m] Listening on udev Control Socket.
[ 6932.773170] random: systemd: uninitialized urandom read (16 bytes read)
[ 6932.777333] systemd[1]: Listening on Journal Socket.
[[0;32m  OK  [0m] Listening on Journal Socket.
[ 6932.783634] systemd[1]: Mounting Huge Pages File System...
         Mounting Huge Pages File System...
[ 6932.789362] systemd[1]: Listening on LVM2 poll daemon socket.
[[0;32m  OK  [0m] Listening on LVM2 poll daemon socket.
[ 6932.795543] systemd[1]: Listening on Network Service Netlink Socket.
[[0;32m  OK  [0m] Listening on Network Service Netlink Socket.
[[0;32m  OK  [0m] Listening on Journal Audit Socket.
[[0;32m  OK  [0m] Reached target Mounting snaps.
[[0;32m  OK  [0m] Reached target Mounted snaps.
         Starting Uncomplicated firewall...
[[0;32m  OK  [0m] Set up automount Arbitrary Executab…rmats File System Automount Point.
[[0;32m  OK  [0m] Started Forward Password Requests to Wall Directory Watch.
[[0;32m  OK  [0m] Listening on /dev/initctl Compatibility Named Pipe.
         Starting Set the console keyboard layout...
[[0;32m  OK  [0m] Listening on LVM2 metadata daemon socket.
[[0;32m  OK  [0m] Reached target System Time Synchronized.
[[0;32m  OK  [0m] Listening on Syslog Socket.
[[0;32m  OK  [0m] Listening on udev Kernel Socket.
[[0;32m  OK  [0m] Reached target User and Group Name Lookups.
[[0;32m  OK  [0m] Created slice User and Session Slice.
         Mounting POSIX Message Queue File System...
         Starting udev Coldplug all Devices...
         Starting Create list of required st…ce nodes for the current kernel...
[[0;32m  OK  [0m] Reached target Slices.
[[0;32m  OK  [0m] Listening on fsck to fsckd communication Socket.
         Starting File System Check on Root Device...
         Mounting Kernel Debug File System...
         Starting Load Kernel Modules...
[[0;32m  OK  [0m] Reached target Swap.
[[0;32m  OK  [0m] Listening on Device-mapper event daemon FIFOs.
         Starting Monitoring of LVM2 mirrors…ng dmeventd or progress polling...
[[0;32m  OK  [0m] Created slice system-serial\x2dgetty.slice.
[[0;32m  OK  [0m] Listening on Journal Socket (/dev/log).
         Starting Journal Service...
[[0;32m  OK  [0m] Mounted Huge Pages File System.
[[0;32m  OK  [0m] Started Uncomplicated firewall.[ 6932.914264] Loading iSCSI transport class v2.0-870.

[[0;32m  OK  [0m] Mounted POSIX Message Queue File System.
[[0;32m  OK  [0m] Started Create list of required sta…vice nodes for the current kernel.
[[0;32m  OK  [0m] Mounted Kernel Debug File System.
[[0;32m  OK  [0m] Started File System Check Daemon to report status.
         Starting Create Static Device Nodes in /dev...
[[0;32m  OK  [0m] Started LVM2 metadata daemon.
[[0;32m  OK  [0m] Started udev Coldplug all Devices.
[ 6932.976798] iscsi: registered transport (tcp)
[ 6932.994642] iscsi: registered transport (iser)
[[0;32m  OK  [0m] Started Load Kernel Modules.
         Starting Apply Kernel Variables...
         Mounting FUSE Control File System...
         Mounting Kernel Configuration File System...
[[0;32m  OK  [0m] Mounted FUSE Control File System.
[[0;32m  OK  [0m] Mounted Kernel Configuration File System.
[[0;32m  OK  [0m] Started Create Static Device Nodes in /dev.
[[0;32m  OK  [0m] Started Journal Service.
[[0;32m  OK  [0m] Started File System Check on Root Device.
         Starting Remount Root and Kernel File Systems...
[[0;32m  OK  [0m] Started Monitoring of LVM2 mirrors,…sing dmeventd or progress polling.
[[0;32m  OK  [0m] Started Apply Kernel Variables.
[[0;32m  OK  [0m] Started Remount Root and Kernel File Systems.
         Starting udev Kernel Device Manager...
         Starting Flush Journal to Persistent Storage...
         Starting Load/Save Random Seed...
[[0;32m  OK  [0m] Started udev Kernel Device Manager.
[[0;32m  OK  [0m] Started Load/Save Random Seed.
[[0;32m  OK  [0m] Found device /dev/ttyS0.
[[0;32m  OK  [0m] Started Flush Journal to Persistent Storage.
[[0;32m  OK  [0m] Listening on Load/Save RF Kill Switch Status /dev/rfkill Watch.
[[0;32m  OK  [0m] Started Set the console keyboard layout.
         Mounting Arbitrary Executable File Formats File System...
[[0;32m  OK  [0m] Started Dispatch Password Requests to Console Directory Watch.
[[0;32m  OK  [0m] Reached target Local Encrypted Volumes.
[[0;32m  OK  [0m] Reached target Local File Systems (Pre).
[[0;32m  OK  [0m] Reached target Local File Systems.
         Starting Tell Plymouth To Write Out Runtime Data...
         Starting ebtables ruleset management...
         Starting Create Volatile Files and Directories...
         Starting Set console font and keymap...
         Starting AppArmor initialization...
[[0;32m  OK  [0m] Mounted Arbitrary Executable File Formats File System.
[[0;32m  OK  [0m] Started Tell Plymouth To Write Out Runtime Data.
[[0;32m  OK  [0m] Started Create Volatile Files and Directories.
         Starting Update UTMP about System Boot/Shutdown...
[[0;32m  OK  [0m] Started Set console font and keymap.
[[0;32m  OK  [0m] Started Update UTMP about System Boot/Shutdown.
[[0;32m  OK  [0m] Started ebtables ruleset management.
[[0;32m  OK  [0m] Started AppArmor initialization.
         Starting Load AppArmor profiles managed internally by snapd...
         Starting Initial cloud-init job (pre-networking)...
[[0;32m  OK  [0m] Started Load AppArmor profiles managed internally by snapd.
[ 6935.791398] cloud-init[611]: Cloud-init v. 22.4.2-0ubuntu0~18.04.1 running 'init-local' at Sun, 12 Mar 2023 10:16:12 +0000. Up 6935.64 seconds.
[[0;32m  OK  [0m] Started Initial cloud-init job (pre-networking).
[[0;32m  OK  [0m] Reached target Network (Pre).
         Starting Network Service...
[[0;32m  OK  [0m] Started Network Service.
         Starting Wait for Network to be Configured...
         Starting Network Name Resolution...
[[0;32m  OK  [0m] Started Network Name Resolution.
[[0;32m  OK  [0m] Reached target Network.
[[0;32m  OK  [0m] Reached target Host and Network Name Lookups.
[[0;32m  OK  [0m] Started Wait for Network to be Configured.
         Starting Initial cloud-init job (metadata service crawler)...
[ 6937.519926] cloud-init[715]: Cloud-init v. 22.4.2-0ubuntu0~18.04.1 running 'init' at Sun, 12 Mar 2023 10:16:14 +0000. Up 6937.42 seconds.
[ 6937.523294] cloud-init[715]: ci-info: ++++++++++++++++++++++++++++++++++++++Net device info+++++++++++++++++++++++++++++++++++++++
[ 6937.525949] cloud-init[715]: ci-info: +--------+------+-----------------------------+---------------+--------+-------------------+
[ 6937.528662] cloud-init[715]: ci-info: | Device |  Up  |           Address           |      Mask     | Scope  |     Hw-Address    |
[ 6937.531315] cloud-init[715]: ci-info: +--------+------+-----------------------------+---------------+--------+-------------------+
[ 6937.533932] cloud-init[715]: ci-info: | enp0s3 | True |          10.0.2.15          | 255.255.255.0 | global | 02:df:c2:d4:51:e3 |
[ 6937.536571] cloud-init[715]: ci-info: | enp0s3 | True |  fe80::df:c2ff:fed4:51e3/64 |       .       |  link  | 02:df:c2:d4:51:e3 |
[ 6937.539310] cloud-init[715]: ci-info: | enp0s8 | True |        192.168.56.11        | 255.255.255.0 | global | 08:00:27:4e:f8:2d |
[ 6937.541944] cloud-init[715]: ci-info: | enp0s8 | True | fe80::a00:27ff:fe4e:f82d/64 |       .       |  link  | 08:00:27:4e:f8:2d |
[ 6937.544581] cloud-init[715]: ci-info: |   lo   | True |          127.0.0.1          |   255.0.0.0   |  host  |         .         |
[ 6937.547109] cloud-init[715]: ci-info: |   lo   | True |           ::1/128           |       .       |  host  |         .         |
[ 6937.549740] cloud-init[715]: ci-info: +--------+------+-----------------------------+---------------+--------+-------------------+
[ 6937.552370] cloud-init[715]: ci-info: +++++++++++++++++++++++++++++Route IPv4 info+++++++++++++++++++++++++++++
[ 6937.554558] cloud-init[715]: ci-info: +-------+--------------+----------+-----------------+-----------+-------+
[ 6937.557256] cloud-init[715]: ci-info: | Route | Destination  | Gateway  |     Genmask     | Interface | Flags |
[ 6937.559498] cloud-init[715]: ci-info: +-------+--------------+----------+-----------------+-----------+-------+
[ 6937.561942] cloud-init[715]: ci-info: |   0   |   0.0.0.0    | 10.0.2.2 |     0.0.0.0     |   enp0s3  |   UG  |
[ 6937.564232] cloud-init[715]: ci-info: |   1   |   10.0.2.0   | 0.0.0.0  |  255.255.255.0  |   enp0s3  |   U   |
[ 6937.566469] cloud-init[715]: ci-info: |   2   |   10.0.2.2   | 0.0.0.0  | 255.255.255.255 |   enp0s3  |   UH  |
[ 6937.568772] cloud-init[715]: ci-info: |   3   | 192.168.56.0 | 0.0.0.0  |  255.255.255.0  |   enp0s8  |   U   |
[ 6937.570987] cloud-init[715]: ci-info: +-------+--------------+----------+-----------------+-----------+-------+
[ 6937.573296] cloud-init[715]: ci-info: +++++++++++++++++++Route IPv6 info+++++++++++++++++++
[ 6937.575122] cloud-init[715]: ci-info: +-------+-------------+---------+-----------+-------+
[ 6937.577095] cloud-init[715]: ci-info: | Route | Destination | Gateway | Interface | Flags |
[ 6937.579050] cloud-init[715]: ci-info: +-------+-------------+---------+-----------+-------+
[ 6937.582742] cloud-init[715]: ci-info: |   1   |  fe80::/64  |    ::   |   enp0s8  |   U   |
[ 6937.586221] cloud-init[715]: ci-info: |   2   |  fe80::/64  |    ::   |   enp0s3  |   U   |
[ 6937.589580] cloud-init[715]: ci-info: |   4   |    local    |    ::   |   enp0s3  |   U   |
[ 6937.593099] cloud-init[715]: ci-info: |   5   |    local    |    ::   |   enp0s8  |   U   |
[ 6937.596679] cloud-init[715]: ci-info: |   6   |   ff00::/8  |    ::   |   enp0s8  |   U   |
[ 6937.601993] cloud-init[715]: ci-info: |   7   |   ff00::/8  |    ::   |   enp0s3  |   U   |
[ 6937.605675] cloud-init[715]: ci-info: +-------+-------------+---------+-----------+-------+
[[0;32m  OK  [0m] Started Initial cloud-init job (metadata service crawler).
[[0;32m  OK  [0m] Reached target System Initialization.
[[0;32m  OK  [0m] Started ACPI Events Check.
[[0;32m  OK  [0m] Listening on Open-iSCSI iscsid Socket.
[[0;32m  OK  [0m] Listening on D-Bus System Message Bus Socket.
[[0;32m  OK  [0m] Listening on UUID daemon activation socket.
         Starting LXD - unix socket.
         Starting Socket activation for snappy daemon.
[[0;32m  OK  [0m] Listening on ACPID Listen Socket.
[[0;32m  OK  [0m] Started Daily Cleanup of Temporary Directories.
[[0;32m  OK  [0m] Started Daily apt download activities.
[[0;32m  OK  [0m] Started Daily apt upgrade and clean activities.
[[0;32m  OK  [0m] Started Discard unused blocks once a week.
[[0;32m  OK  [0m] Started Message of the Day.
[[0;32m  OK  [0m] Started Ubuntu Advantage Timer for running repeated jobs.
[[0;32m  OK  [0m] Listening on cloud-init hotplug hook socket.
[[0;32m  OK  [0m] Reached target Paths.
[[0;32m  OK  [0m] Reached target Timers.
[[0;32m  OK  [0m] Reached target Network is Online.
[[0;32m  OK  [0m] Reached target Remote File Systems (Pre).
         Starting Availability of block devices...
         Mounting /vagrant...
[[0;32m  OK  [0m] Reached target Cloud-config availability.
[[0;32m  OK  [0m] Listening on LXD - unix socket.
[[0;32m  OK  [0m] Listening on Socket activation for snappy daemon.
         Starting Cleanup of Temporary Directories...
[[0;32m  OK  [0m] Reached target Sockets.
[[0;32m  OK  [0m] Reached target Basic System.
         Starting Virtualbox guest utils...
[[0;32m  OK  [0m] Reached target Login Prompts (Pre).
         Starting LXD - container startup/shutdown...
         Starting System Logging Service...
[[0;32m  OK  [0m] Started Regular background program processing daemon.
[[0;32m  OK  [0m] Started D-Bus System Message Bus.
[[0;32m  OK  [0m] Started FUSE filesystem for LXC.
         Starting LSB: Record successful boot for GRUB...
         Starting Snap Daemon...
         Starting Accounts Service...
[[0;32m  OK  [0m] Started irqbalance daemon.
         Starting Dispatcher daemon for systemd-networkd...
         Starting OpenBSD Secure Shell server...
[[0;32m  OK  [0m] Started Deferred execution scheduler.
         Starting Login Service...
[[0;32m  OK  [0m] Started System Logging Service.
[[0;32m  OK  [0m] Started Availability of block devices.
[[0;32m  OK  [0m] Mounted /vagrant.
[[0;32m  OK  [0m] Started Cleanup of Temporary Directories.
[[0;32m  OK  [0m] Started LXD - container startup/shutdown.
[[0;32m  OK  [0m] Reached target Remote File Systems.
         Starting LSB: automatic crash report generation...
         Starting Permit User Sessions...
[[0;32m  OK  [0m] Started Permit User Sessions.
         Starting Hold until boot process finishes up...
         Starting Terminate Plymouth Boot Screen...
[[0;32m  OK  [0m] Started Hold until boot process finishes up.
         Starting Set console scheme...
[[0;32m  OK  [0m] Started Serial Getty on ttyS0.
[[0;32m  OK  [0m] Started Login Service.
[[0;32m  OK  [0m] Started Terminate Plymouth Boot Screen.
[[0;32m  OK  [0m] Started Unattended Upgrades Shutdown.
[[0;32m  OK  [0m] Started OpenBSD Secure Shell server.
[[0;32m  OK  [0m] Started Virtualbox guest utils.
[[0;32m  OK  [0m] Started LSB: Record successful boot for GRUB.
[[0;32m  OK  [0m] Started Set console scheme.
[[0;32m  OK  [0m] Created slice system-getty.slice.
[[0;32m  OK  [0m] Started Getty on tty1.
[[0;32m  OK  [0m] Reached target Login Prompts.
         Starting Authorization Manager...
[[0;32m  OK  [0m] Started LSB: automatic crash report generation.
[[0;32m  OK  [0m] Started Authorization Manager.
[[0;32m  OK  [0m] Started Accounts Service.
[[0;32m  OK  [0m] Started Dispatcher daemon for systemd-networkd.
[[0;32m  OK  [0m] Started Snap Daemon.
         Starting Wait until snapd is fully seeded...
         Starting Time & Date Service...
[[0;32m  OK  [0m] Started Time & Date Service.
[[0;32m  OK  [0m] Started Wait until snapd is fully seeded.
         Starting Apply the settings specified in cloud-config...
[ 6939.440657] cloud-init[1138]: Cloud-init v. 22.4.2-0ubuntu0~18.04.1 running 'modules:config' at Sun, 12 Mar 2023 10:16:16 +0000. Up 6939.36 seconds.
[[0;32m  OK  [0m] Started Apply the settings specified in cloud-config.
[[0;32m  OK  [0m] Reached target Multi-User System.
         Starting Execute cloud user/final scripts...
[[0;32m  OK  [0m] Reached target Graphical Interface.
         Starting Update UTMP about System Runlevel Changes...
[[0;32m  OK  [0m] Started Update UTMP about System Runlevel Changes.
[ 6939.858885] cloud-init[1177]: Cloud-init v. 22.4.2-0ubuntu0~18.04.1 running 'modules:final' at Sun, 12 Mar 2023 10:16:16 +0000. Up 6939.76 seconds.
[ 6939.864444] cloud-init[1177]: Cloud-init v. 22.4.2-0ubuntu0~18.04.1 finished at Sun, 12 Mar 2023 10:16:16 +0000. Datasource DataSourceNoCloud [seed=/dev/sdb][dsmode=net].  Up 6939.85 seconds
[[0;32m  OK  [0m] Started Execute cloud user/final scripts.
[[0;32m  OK  [0m] Reached target Cloud-init target.

Ubuntu 18.04.6 LTS web01 ttyS0

web01 login: [[0;32m  OK  [0m] Stopped Unattended Upgrades Shutdown.
         Stopping Authorization Manager...
[[0;32m  OK  [0m] Stopped target Timers.
[[0;32m  OK  [0m] Stopped Daily apt upgrade and clean activities.
[[0;32m  OK  [0m] Stopped Daily Cleanup of Temporary Directories.
[[0;32m  OK  [0m] Stopped Discard unused blocks once a week.
[[0;32m  OK  [0m] Stopped Ubuntu Advantage Timer for running repeated jobs.
         Stopping Availability of block devices...
[[0;32m  OK  [0m] Stopped target Graphical Interface.
         Stopping Accounts Service...
[[0;32m  OK  [0m] Closed Load/Save RF Kill Switch Status /dev/rfkill Watch.
[[0;32m  OK  [0m] Stopped Daily apt download activities.
[[0;32m  OK  [0m] Stopped target Host and Network Name Lookups.
[[0;32m  OK  [0m] Stopped target Cloud-init target.
[[0;32m  OK  [0m] Stopped Execute cloud user/final scripts.
         Stopping User Manager for UID 1000...
[[0;32m  OK  [0m] Stopped target Multi-User System.
         Stopping A high performance web server and a reverse proxy server...
         Stopping Dispatcher daemon for systemd-networkd...
         Stopping Virtualbox guest utils...
         Stopping Regular background program processing daemon...
         Stopping FUSE filesystem for LXC...
         Stopping LSB: automatic crash report generation...
         Stopping irqbalance daemon...
         Stopping System Logging Service...
         Stopping D-Bus System Message Bus...
         Stopping OpenBSD Secure Shell s         Stopping Session 2 of user vagrant.
[[0;32m  OK  [0m] Stopped Message of the Day.
[[0;32m  OK  [0m] Stopped target System Time Synchronized.
         Stopping Deferred execution scheduler...
[[0;32m  OK  [0m] Unmounted /var/lib/lxcfs.
[[0;32m  OK  [0m] Stopped Regular background program processing daemon.
[[0;32m  OK  [0m] Stopped irqbalance daemon.
[[0;32m  OK  [0m] Stopped Dispatcher daemon for systemd-networkd.
[[0;32m  OK  [0m] Stopped Deferred execution scheduler.
[[0;32m  OK  [0m] Stopped Serial Getty on ttyS0.
[[0;32m  OK  [0m] Stopped Accounts Service.
[[0;32m  OK  [0m] Stopped OpenBSD Secure Shell server.
[[0;32m  OK  [0m] Stopped Getty on tty1.
[[0;32m  OK  [0m] Stopped System Logging Service.
[[0;32m  OK  [0m] Stopped Authorization Manager.
[[0;32m  OK  [0m] Stopped User Manager for UID 1000.
[[0;32m  OK  [0m] Stopped D-Bus System Message Bus.
[[0;32m  OK  [0m] Stopped Session 2 of user vagrant.
[[0;32m  OK  [0m] Stopped FUSE filesystem for LXC.
[[0;32m  OK  [0m] Stopped Session 4 of user vagrant.
[[0;32m  OK  [0m] Stopped A high performance web server and a reverse proxy server.
[[0;32m  OK  [0m] Stopped LXD - container startup/shutdown.
[[0;32m  OK  [0m] Removed slice User Slice of vagrant.
         Stopping Login Service...
[[0;32m  OK  [0m] Removed slice system-getty.slice.
[[0;32m  OK  [0m] Stopped target Login Prompts (Pre).
         Stopping Permit User Sessions...
[[0;32m  OK  [0m] Removed slice system-serial\x2dgetty.slice.
[[0;32m  OK  [0m] Stopped Permit User Sessions.
[[0;32m  OK  [0m] Stopped LSB: automatic crash report generation.
[[0;32m  OK  [0m] Stopped target Remote File Systems.
         Unmounting /vagrant...
[[0;32m  OK  [0m] Stopped LSB: Record successful boot for GRUB.
[[0;32m  OK  [0m] Stopped Availability of block devices.
[[0;32m  OK  [0m] Stopped Virtualbox guest utils.
[[0;32m  OK  [0m] Unmounted /vagrant.
[[0;32m  OK  [0m] Stopped target Remote File Systems (Pre).
[[0;32m  OK  [0m] Stopped target Network is Online.
[[0;32m  OK  [0m] Stopped target Network.
         Stopping Network Name Resolution...
[[0;32m  OK  [0m] Stopped Network Name Resolution.
[[0;32m  OK  [0m] Stopped Login Service.
[[0;32m  OK  [0m] Stopped target Basic System.
[[0;32m  OK  [0m] Stopped target Paths.
[[0;32m  OK  [0m] Stopped ACPI Events Check.
[[0;32m  OK  [0m] Stopped target Sockets.
[[0;32m  OK  [0m] Closed LXD - unix socket.
[[0;32m  OK  [0m] Closed UUID daemon activation socket.
[[0;32m  OK  [0m] Closed Open-iSCSI iscsid Socket.
[[0;32m  OK  [0m] Closed cloud-init hotplug hook socket.
[[0;32m  OK  [0m] Closed Syslog Socket.
[[0;32m  OK  [0m] Closed Socket activation for snappy daemon.
[[0;32m  OK  [0m] Closed ACPID Listen Socket.
[[0;32m  OK  [0m] Stopped target Slices.
[[0;32m  OK  [0m] Closed D-Bus System Message Bus Socket.
[[0;32m  OK  [0m] Stopped target System Initialization.
[[0;32m  OK  [0m] Stopped target Local Encrypted Volumes.
[[0;32m  OK  [0m] Stopped Forward Password Requests to Wall Directory Watch.
[[0;32m  OK  [0m] Stopped Dispatch Password Requests to Console Directory Watch.
         Stopping Update UTMP about System Boot/Shutdown...
[[0;32m  OK  [0m] Stopped Initial cloud-init job (metadata service crawler).
[[0;32m  OK  [0m] Stopped Wait for Network to be Configured.
         Stopping Network Service...
         Stopping Load/Save Random Seed...
[[0;32m  OK  [0m] Removed slice User and Session Slice.
[[0;32m  OK  [0m] Stopped target User and Group Name Lookups.
[[0;32m  OK  [0m] Stopped Update UTMP about System Boot/Shutdown.
[[0;32m  OK  [0m] Stopped Load/Save Random Seed.
[[0;32m  OK  [0m] Stopped Create Volatile Files and Directories.
[[0;32m  OK  [0m] Stopped target Local File Systems.
[[0;32m  OK  [0m] Stopped target Mounted snaps.
[[0;32m  OK  [0m] Stopped target Mounting snaps.
         Unmounting /run/user/1000...
[[0;32m  OK  [0m] Unmounted /run/user/1000.
[[0;32m  OK  [0m] Reached target Unmount All Filesystems.
[[0;32m  OK  [0m] Stopped target Swap.
[[0;32m  OK  [0m] Stopped target Local File Systems (Pre).
         Stopping Monitoring of LVM2 mirrors…ng dmeventd or progress polling...
[[0;32m  OK  [0m] Stopped Create Static Device Nodes in /dev.
[[0;32m  OK  [0m] Stopped Network Service.
[[0;32m  OK  [0m] Stopped Monitoring of LVM2 mirrors,…sing dmeventd or progress polling.
         Stopping LVM2 metadata daemon...
[[0;32m  OK  [0m] Stopped Apply Kernel Variables.
[[0;32m  OK  [0m] Stopped Load Kernel Modules.
[[0;32m  OK  [0m] Stopped target Network (Pre).
[[0;32m  OK  [0m] Stopped Initial cloud-init job (pre-networking).
[[0;32m  OK  [0m] Stopped Remount Root and Kernel File Systems.
[[0;32m  OK  [0m] Reached target Shutdown.
[[0;32m  OK  [0m] Reached target Final Step.
         Starting Power-Off...
[[0;32m  OK  [0m] Stopped LVM2 metadata daemon.
[ 8212.898643] reboot: Power down
